Log file open, 10/06/22 16:34:54
LogWindows: Failed to load 'aqProf.dll' (GetLastError=126)
LogWindows: File 'aqProf.dll' does not exist
LogWindows: Failed to load 'VtuneApi.dll' (GetLastError=126)
LogWindows: File 'VtuneApi.dll' does not exist
LogWindows: Failed to load 'VtuneApi32e.dll' (GetLastError=126)
LogWindows: File 'VtuneApi32e.dll' does not exist
LogConsoleResponse: Display: Failed to find resolution value strings in scalability ini. Falling back to default.
LogConsoleResponse: Display: Failed to find resolution value strings in scalability ini. Falling back to default.
LogInit: Display: Running engine for game: MyProject4
LogPlatformFile: Not using cached read wrapper
LogTaskGraph: Started task graph with 5 named threads and 35 total threads with 3 sets of task threads.
LogStats: Stats thread started at 0.254081
LogICUInternationalization: ICU TimeZone Detection - Raw Offset: -3:00, Platform Override: ''
LogInit: Display: Loading text-based GConfig....
LogPluginManager: Mounting plugin MeshPainting
LogPluginManager: Mounting plugin XGEController
LogPluginManager: Mounting plugin Paper2D
LogPluginManager: Mounting plugin AISupport
LogPluginManager: Mounting plugin EnvironmentQueryEditor
LogPluginManager: Mounting plugin LightPropagationVolume
LogPluginManager: Mounting plugin CameraShakePreviewer
LogPluginManager: Mounting plugin OodleData
LogPluginManager: Mounting plugin OodleNetwork
LogPluginManager: Mounting plugin GameplayCameras
LogPluginManager: Mounting plugin AssetManagerEditor
LogPluginManager: Mounting plugin CryptoKeys
LogPluginManager: Mounting plugin DataValidation
LogPluginManager: Mounting plugin CurveEditorTools
LogPluginManager: Mounting plugin GameplayTagsEditor
LogPluginManager: Mounting plugin FacialAnimation
LogPluginManager: Mounting plugin GeometryMode
LogPluginManager: Mounting plugin MacGraphicsSwitching
LogPluginManager: Mounting plugin MaterialAnalyzer
LogPluginManager: Mounting plugin MobileLauncherProfileWizard
LogPluginManager: Mounting plugin PluginBrowser
LogPluginManager: Mounting plugin SpeedTreeImporter
LogPluginManager: Mounting plugin Niagara
LogPluginManager: Mounting plugin AnimationSharing
LogPluginManager: Mounting plugin CLionSourceCodeAccess
LogPluginManager: Mounting plugin DatasmithContent
LogPluginManager: Mounting plugin CodeLiteSourceCodeAccess
LogPluginManager: Mounting plugin GitSourceControl
LogPluginManager: Mounting plugin KDevelopSourceCodeAccess
LogPluginManager: Mounting plugin NullSourceCodeAccess
LogPluginManager: Mounting plugin PerforceSourceControl
LogPluginManager: Mounting plugin VariantManagerContent
LogPluginManager: Mounting plugin PixWinPlugin
LogPluginManager: Mounting plugin PlasticSourceControl
LogPluginManager: Mounting plugin PluginUtils
LogPluginManager: Mounting plugin PropertyAccessNode
LogPluginManager: Mounting plugin RiderSourceCodeAccess
LogPluginManager: Mounting plugin SubversionSourceControl
LogPluginManager: Mounting plugin TextureFormatOodle
LogPluginManager: Mounting plugin UObjectPlugin
LogPluginManager: Mounting plugin VisualStudioCodeSourceCodeAccess
LogPluginManager: Mounting plugin XCodeSourceCodeAccess
LogPluginManager: Mounting plugin VisualStudioSourceCodeAccess
LogPluginManager: Mounting plugin AlembicImporter
LogPluginManager: Mounting plugin AutomationUtils
LogPluginManager: Mounting plugin BackChannel
LogPluginManager: Mounting plugin ChaosCloth
LogPluginManager: Mounting plugin ChaosClothEditor
LogPluginManager: Mounting plugin ChaosEditor
LogPluginManager: Mounting plugin ChaosSolverPlugin
LogPluginManager: Mounting plugin ChaosNiagara
LogPluginManager: Mounting plugin CharacterAI
LogPluginManager: Mounting plugin LuminPlatformFeatures
LogPluginManager: Mounting plugin MagicLeap
LogPluginManager: Mounting plugin MagicLeapLightEstimation
LogPluginManager: Mounting plugin MagicLeapMedia
LogPluginManager: Mounting plugin MagicLeapPassableWorld
LogPluginManager: Mounting plugin MLSDK
LogPluginManager: Mounting plugin GeometryCache
LogPluginManager: Mounting plugin GeometryProcessing
LogPluginManager: Mounting plugin GeometryCollectionPlugin
LogPluginManager: Mounting plugin MotoSynth
LogPluginManager: Mounting plugin OpenImageDenoise
LogPluginManager: Mounting plugin PlanarCut
LogPluginManager: Mounting plugin PlatformCrypto
LogPluginManager: Mounting plugin ProxyLODPlugin
LogPluginManager: Mounting plugin PythonScriptPlugin
LogPluginManager: Mounting plugin AndroidMedia
LogPluginManager: Mounting plugin AvfMedia
LogPluginManager: Mounting plugin TcpMessaging
LogPluginManager: Mounting plugin UdpMessaging
LogPluginManager: Mounting plugin ImgMedia
LogPluginManager: Mounting plugin MediaCompositing
LogPluginManager: Mounting plugin MediaPlayerEditor
LogPluginManager: Mounting plugin WebMMedia
LogPluginManager: Mounting plugin WmfMedia
LogPluginManager: Mounting plugin SkeletalReduction
LogPluginManager: Mounting plugin ActorSequence
LogPluginManager: Mounting plugin LevelSequenceEditor
LogPluginManager: Mounting plugin MatineeToLevelSequence
LogPluginManager: Mounting plugin TemplateSequence
LogPluginManager: Mounting plugin OnlineSubsystem
LogPluginManager: Mounting plugin OnlineSubsystemNull
LogPluginManager: Mounting plugin OnlineSubsystemUtils
LogPluginManager: Mounting plugin LauncherChunkInstaller
LogPluginManager: Mounting plugin ActorLayerUtilities
LogPluginManager: Mounting plugin AndroidDeviceProfileSelector
LogPluginManager: Mounting plugin AndroidMoviePlayer
LogPluginManager: Mounting plugin AndroidPermission
LogPluginManager: Mounting plugin AppleImageUtils
LogPluginManager: Mounting plugin AppleMoviePlayer
LogPluginManager: Mounting plugin ArchVisCharacter
LogPluginManager: Mounting plugin AssetTags
LogPluginManager: Mounting plugin AudioCapture
LogPluginManager: Mounting plugin AudioSynesthesia
LogPluginManager: Mounting plugin CableComponent
LogPluginManager: Mounting plugin ChunkDownloader
LogPluginManager: Mounting plugin CustomMeshComponent
LogPluginManager: Mounting plugin EditableMesh
LogPluginManager: Mounting plugin ExampleDeviceProfileSelector
LogPluginManager: Mounting plugin ScreenshotTools
LogPluginManager: Mounting plugin GoogleCloudMessaging
LogPluginManager: Mounting plugin GooglePAD
LogPluginManager: Mounting plugin IOSDeviceProfileSelector
LogPluginManager: Mounting plugin LinuxDeviceProfileSelector
LogPluginManager: Mounting plugin LocationServicesBPLibrary
LogPluginManager: Mounting plugin MobilePatchingUtils
LogPluginManager: Mounting plugin OpenXR
LogPluginManager: Mounting plugin OpenXREyeTracker
LogPluginManager: Mounting plugin OpenXRHandTracking
LogPluginManager: Mounting plugin PhysXVehicles
LogPluginManager: Mounting plugin PostSplashScreen
LogPluginManager: Mounting plugin ProceduralMeshComponent
LogPluginManager: Mounting plugin PropertyAccessEditor
LogPluginManager: Mounting plugin RuntimePhysXCooking
LogPluginManager: Mounting plugin SignificanceManager
LogPluginManager: Mounting plugin SoundFields
LogPluginManager: Mounting plugin Synthesis
LogPluginManager: Mounting plugin WebMMoviePlayer
LogPluginManager: Mounting plugin WindowsMoviePlayer
LogPluginManager: Mounting plugin Takes
LogPluginManager: Mounting plugin LiveLink
LogPluginManager: Mounting plugin ContentBrowserAssetDataSource
LogPluginManager: Mounting plugin ContentBrowserClassDataSource
LogPluginManager: Mounting plugin ContentBrowserFileDataSource
LogPluginManager: Mounting plugin OnlineSubsystemGooglePlay
LogPluginManager: Mounting plugin OnlineSubsystemIOS
LogPluginManager: Mounting plugin OculusVR
LogPluginManager: Mounting plugin SteamVR
PixWinPlugin: PIX capture plugin failed to initialize! Check that the process is launched from PIX.
LogInit: Using libcurl 7.55.1-DEV
LogInit:  - built for x86_64-pc-win32
LogInit:  - supports SSL with OpenSSL/1.1.1
LogInit:  - supports HTTP deflate (compression) using libz 1.2.8
LogInit:  - other features:
LogInit:      CURL_VERSION_SSL
LogInit:      CURL_VERSION_LIBZ
LogInit:      CURL_VERSION_IPV6
LogInit:      CURL_VERSION_ASYNCHDNS
LogInit:      CURL_VERSION_LARGEFILE
LogInit:      CURL_VERSION_IDN
LogInit:  CurlRequestOptions (configurable via config and command line):
LogInit:  - bVerifyPeer = true  - Libcurl will verify peer certificate
LogInit:  - bUseHttpProxy = false  - Libcurl will NOT use HTTP proxy
LogInit:  - bDontReuseConnections = false  - Libcurl will reuse connections
LogInit:  - MaxHostConnections = 16  - Libcurl will limit the number of connections to a host
LogInit:  - LocalHostAddr = Default
LogInit:  - BufferSize = 65536
LogOnline: OSS: Creating online subsystem instance for: NULL
LogInit: WinSock: version 1.1 (2.2), MaxSocks=32767, MaxUdp=65467
LogOnline: OSS: TryLoadSubsystemAndSetDefault: Loaded subsystem for module [NULL]
LogOculusPluginWrapper: OculusPlugin initialized successfully
LogHMD: Failed initializing OVRPlugin 1.59.0
LogInit: Build: ++UE4+Release-4.27-CL-18319896
LogInit: Engine Version: 4.27.2-18319896+++UE4+Release-4.27
LogInit: Compatible Engine Version: 4.27.0-17155196+++UE4+Release-4.27
LogInit: Net CL: 17155196
LogInit: OS: Windows 10 (Release 2009) (), CPU: Intel(R) Core(TM) i7-8700 CPU @ 3.20GHz, GPU: NVIDIA GeForce GTX 1050 Ti
LogInit: Compiled (64-bit): Nov 30 2021 07:12:08
LogInit: Compiled with Visual C++: 19.24.28315.00
LogInit: Build Configuration: Development
LogInit: Branch Name: ++UE4+Release-4.27
LogInit: Command Line: 
LogInit: Base Directory: C:/Program Files/Epic Games/UE_4.27/Engine/Binaries/Win64/
LogInit: Allocator: TBB
LogInit: Installed Engine Build: 1
LogDevObjectVersion: Number of dev versions registered: 29
LogDevObjectVersion:   Dev-Blueprints (B0D832E4-1F89-4F0D-ACCF-7EB736FD4AA2): 10
LogDevObjectVersion:   Dev-Build (E1C64328-A22C-4D53-A36C-8E866417BD8C): 0
LogDevObjectVersion:   Dev-Core (375EC13C-06E4-48FB-B500-84F0262A717E): 4
LogDevObjectVersion:   Dev-Editor (E4B068ED-F494-42E9-A231-DA0B2E46BB41): 40
LogDevObjectVersion:   Dev-Framework (CFFC743F-43B0-4480-9391-14DF171D2073): 37
LogDevObjectVersion:   Dev-Mobile (B02B49B5-BB20-44E9-A304-32B752E40360): 3
LogDevObjectVersion:   Dev-Networking (A4E4105C-59A1-49B5-A7C5-40C4547EDFEE): 0
LogDevObjectVersion:   Dev-Online (39C831C9-5AE6-47DC-9A44-9C173E1C8E7C): 0
LogDevObjectVersion:   Dev-Physics (78F01B33-EBEA-4F98-B9B4-84EACCB95AA2): 14
LogDevObjectVersion:   Dev-Platform (6631380F-2D4D-43E0-8009-CF276956A95A): 0
LogDevObjectVersion:   Dev-Rendering (12F88B9F-8875-4AFC-A67C-D90C383ABD29): 45
LogDevObjectVersion:   Dev-Sequencer (7B5AE74C-D270-4C10-A958-57980B212A5A): 13
LogDevObjectVersion:   Dev-VR (D7296918-1DD6-4BDD-9DE2-64A83CC13884): 3
LogDevObjectVersion:   Dev-LoadTimes (C2A15278-BFE7-4AFE-6C17-90FF531DF755): 1
LogDevObjectVersion:   Private-Geometry (6EACA3D4-40EC-4CC1-B786-8BED09428FC5): 3
LogDevObjectVersion:   Dev-AnimPhys (29E575DD-E0A3-4627-9D10-D276232CDCEA): 17
LogDevObjectVersion:   Dev-Anim (AF43A65D-7FD3-4947-9873-3E8ED9C1BB05): 15
LogDevObjectVersion:   Dev-ReflectionCapture (6B266CEC-1EC7-4B8F-A30B-E4D90942FC07): 1
LogDevObjectVersion:   Dev-Automation (0DF73D61-A23F-47EA-B727-89E90C41499A): 1
LogDevObjectVersion:   FortniteMain (601D1886-AC64-4F84-AA16-D3DE0DEAC7D6): 47
LogDevObjectVersion:   FortniteRelease (E7086368-6B23-4C58-8439-1B7016265E91): 1
LogDevObjectVersion:   Dev-Enterprise (9DFFBCD6-494F-0158-E221-12823C92A888): 10
LogDevObjectVersion:   Dev-Niagara (F2AED0AC-9AFE-416F-8664-AA7FFA26D6FC): 1
LogDevObjectVersion:   Dev-Destruction (174F1F0B-B4C6-45A5-B13F-2EE8D0FB917D): 10
LogDevObjectVersion:   Dev-Physics-Ext (35F94A83-E258-406C-A318-09F59610247C): 41
LogDevObjectVersion:   Dev-PhysicsMaterial-Chaos (B68FC16E-8B1B-42E2-B453-215C058844FE): 1
LogDevObjectVersion:   Dev-CineCamera (B2E18506-4273-CFC2-A54E-F4BB758BBA07): 1
LogDevObjectVersion:   Dev-VirtualProduction (64F58936-FD1B-42BA-BA96-7289D5D0FA4E): 1
LogDevObjectVersion:   Dev-MediaFramework (6F0ED827-A609-4895-9C91-998D90180EA4): 2
LogInit: Presizing for max 25165824 objects, including 0 objects not considered by GC, pre-allocating 0 bytes for permanent pool.
LogConfig: Applying CVar settings from Section [/Script/Engine.StreamingSettings] File [C:/Users/21010782/Documents/Unreal Projects/MyProject4/Saved/Config/Windows/Engine.ini]
LogConfig: Setting CVar [[s.MinBulkDataSizeForAsyncLoading:131072]]
LogConfig: Setting CVar [[s.AsyncLoadingThreadEnabled:0]]
LogConfig: Setting CVar [[s.EventDrivenLoaderEnabled:1]]
LogConfig: Setting CVar [[s.WarnIfTimeLimitExceeded:0]]
LogConfig: Setting CVar [[s.TimeLimitExceededMultiplier:1.5]]
LogConfig: Setting CVar [[s.TimeLimitExceededMinTime:0.005]]
LogConfig: Setting CVar [[s.UseBackgroundLevelStreaming:1]]
LogConfig: Setting CVar [[s.PriorityAsyncLoadingExtraTime:15.0]]
LogConfig: Setting CVar [[s.LevelStreamingActorsUpdateTimeLimit:5.0]]
LogConfig: Setting CVar [[s.PriorityLevelStreamingActorsUpdateExtraTime:5.0]]
LogConfig: Setting CVar [[s.LevelStreamingComponentsRegistrationGranularity:10]]
LogConfig: Setting CVar [[s.UnregisterComponentsTimeLimit:1.0]]
LogConfig: Setting CVar [[s.LevelStreamingComponentsUnregistrationGranularity:5]]
LogConfig: Setting CVar [[s.FlushStreamingOnExit:1]]
LogInit: Object subsystem initialized
LogConfig: Setting CVar [[con.DebugEarlyDefault:1]]
LogConfig: Setting CVar [[r.setres:1280x720]]
[2022.10.06-19.34.55:800][  0]LogConfig: Setting CVar [[r.VSync:0]]
[2022.10.06-19.34.55:800][  0]LogConfig: Setting CVar [[r.RHICmdBypass:0]]
[2022.10.06-19.34.55:800][  0]LogConfig: Applying CVar settings from Section [/Script/Engine.RendererSettings] File [C:/Users/21010782/Documents/Unreal Projects/MyProject4/Saved/Config/Windows/Engine.ini]
[2022.10.06-19.34.55:800][  0]LogConfig: Setting CVar [[r.GPUCrashDebugging:0]]
[2022.10.06-19.34.55:800][  0]LogConfig: Applying CVar settings from Section [/Script/Engine.RendererOverrideSettings] File [C:/Users/21010782/Documents/Unreal Projects/MyProject4/Saved/Config/Windows/Engine.ini]
[2022.10.06-19.34.55:800][  0]LogConfig: Applying CVar settings from Section [/Script/Engine.StreamingSettings] File [C:/Users/21010782/Documents/Unreal Projects/MyProject4/Saved/Config/Windows/Engine.ini]
[2022.10.06-19.34.55:800][  0]LogConfig: Setting CVar [[s.MinBulkDataSizeForAsyncLoading:131072]]
[2022.10.06-19.34.55:800][  0]LogConfig: Setting CVar [[s.AsyncLoadingThreadEnabled:0]]
[2022.10.06-19.34.55:800][  0]LogConfig: Setting CVar [[s.EventDrivenLoaderEnabled:1]]
[2022.10.06-19.34.55:800][  0]LogConfig: Setting CVar [[s.WarnIfTimeLimitExceeded:0]]
[2022.10.06-19.34.55:800][  0]LogConfig: Setting CVar [[s.TimeLimitExceededMultiplier:1.5]]
[2022.10.06-19.34.55:800][  0]LogConfig: Setting CVar [[s.TimeLimitExceededMinTime:0.005]]
[2022.10.06-19.34.55:800][  0]LogConfig: Setting CVar [[s.UseBackgroundLevelStreaming:1]]
[2022.10.06-19.34.55:800][  0]LogConfig: Setting CVar [[s.PriorityAsyncLoadingExtraTime:15.0]]
[2022.10.06-19.34.55:800][  0]LogConfig: Setting CVar [[s.LevelStreamingActorsUpdateTimeLimit:5.0]]
[2022.10.06-19.34.55:800][  0]LogConfig: Setting CVar [[s.PriorityLevelStreamingActorsUpdateExtraTime:5.0]]
[2022.10.06-19.34.55:800][  0]LogConfig: Setting CVar [[s.LevelStreamingComponentsRegistrationGranularity:10]]
[2022.10.06-19.34.55:800][  0]LogConfig: Setting CVar [[s.UnregisterComponentsTimeLimit:1.0]]
[2022.10.06-19.34.55:800][  0]LogConfig: Setting CVar [[s.LevelStreamingComponentsUnregistrationGranularity:5]]
[2022.10.06-19.34.55:800][  0]LogConfig: Setting CVar [[s.FlushStreamingOnExit:1]]
[2022.10.06-19.34.55:800][  0]LogConfig: Applying CVar settings from Section [/Script/Engine.GarbageCollectionSettings] File [C:/Users/21010782/Documents/Unreal Projects/MyProject4/Saved/Config/Windows/Engine.ini]
[2022.10.06-19.34.55:800][  0]LogConfig: Setting CVar [[gc.MaxObjectsNotConsideredByGC:1]]
[2022.10.06-19.34.55:800][  0]LogConfig: Setting CVar [[gc.SizeOfPermanentObjectPool:0]]
[2022.10.06-19.34.55:800][  0]LogConfig: Setting CVar [[gc.FlushStreamingOnGC:0]]
[2022.10.06-19.34.55:800][  0]LogConfig: Setting CVar [[gc.NumRetriesBeforeForcingGC:10]]
[2022.10.06-19.34.55:800][  0]LogConfig: Setting CVar [[gc.AllowParallelGC:1]]
[2022.10.06-19.34.55:800][  0]LogConfig: Setting CVar [[gc.TimeBetweenPurgingPendingKillObjects:61.1]]
[2022.10.06-19.34.55:800][  0]LogConfig: Setting CVar [[gc.MaxObjectsInEditor:25165824]]
[2022.10.06-19.34.55:800][  0]LogConfig: Setting CVar [[gc.IncrementalBeginDestroyEnabled:1]]
[2022.10.06-19.34.55:800][  0]LogConfig: Setting CVar [[gc.CreateGCClusters:1]]
[2022.10.06-19.34.55:800][  0]LogConfig: Setting CVar [[gc.MinGCClusterSize:5]]
[2022.10.06-19.34.55:800][  0]LogConfig: Setting CVar [[gc.ActorClusteringEnabled:0]]
[2022.10.06-19.34.55:800][  0]LogConfig: Setting CVar [[gc.BlueprintClusteringEnabled:0]]
[2022.10.06-19.34.55:800][  0]LogConfig: Setting CVar [[gc.UseDisregardForGCOnDedicatedServers:0]]
[2022.10.06-19.34.55:800][  0]LogConfig: Setting CVar [[gc.MultithreadedDestructionEnabled:1]]
[2022.10.06-19.34.55:800][  0]LogConfig: Applying CVar settings from Section [/Script/Engine.NetworkSettings] File [C:/Users/21010782/Documents/Unreal Projects/MyProject4/Saved/Config/Windows/Engine.ini]
[2022.10.06-19.34.55:801][  0]LogConfig: Applying CVar settings from Section [/Script/UnrealEd.CookerSettings] File [C:/Users/21010782/Documents/Unreal Projects/MyProject4/Saved/Config/Windows/Engine.ini]
[2022.10.06-19.34.55:806][  0]LogConfig: Applying CVar settings from Section [ViewDistanceQuality@3] File [C:/Users/21010782/Documents/Unreal Projects/MyProject4/Saved/Config/Windows/Scalability.ini]
[2022.10.06-19.34.55:806][  0]LogConfig: Setting CVar [[r.SkeletalMeshLODBias:0]]
[2022.10.06-19.34.55:806][  0]LogConfig: Setting CVar [[r.ViewDistanceScale:1.0]]
[2022.10.06-19.34.55:806][  0]LogConfig: Applying CVar settings from Section [AntiAliasingQuality@3] File [C:/Users/21010782/Documents/Unreal Projects/MyProject4/Saved/Config/Windows/Scalability.ini]
[2022.10.06-19.34.55:806][  0]LogConfig: Setting CVar [[r.PostProcessAAQuality:4]]
[2022.10.06-19.34.55:806][  0]LogConfig: Applying CVar settings from Section [ShadowQuality@3] File [C:/Users/21010782/Documents/Unreal Projects/MyProject4/Saved/Config/Windows/Scalability.ini]
[2022.10.06-19.34.55:806][  0]LogConfig: Setting CVar [[r.LightFunctionQuality:1]]
[2022.10.06-19.34.55:806][  0]LogConfig: Setting CVar [[r.ShadowQuality:5]]
[2022.10.06-19.34.55:806][  0]LogConfig: Setting CVar [[r.Shadow.CSM.MaxCascades:10]]
[2022.10.06-19.34.55:806][  0]LogConfig: Setting CVar [[r.Shadow.MaxResolution:2048]]
[2022.10.06-19.34.55:806][  0]LogConfig: Setting CVar [[r.Shadow.MaxCSMResolution:2048]]
[2022.10.06-19.34.55:806][  0]LogConfig: Setting CVar [[r.Shadow.RadiusThreshold:0.01]]
[2022.10.06-19.34.55:806][  0]LogConfig: Setting CVar [[r.Shadow.DistanceScale:1.0]]
[2022.10.06-19.34.55:806][  0]LogConfig: Setting CVar [[r.Shadow.CSM.TransitionScale:1.0]]
[2022.10.06-19.34.55:806][  0]LogConfig: Setting CVar [[r.Shadow.PreShadowResolutionFactor:1.0]]
[2022.10.06-19.34.55:806][  0]LogConfig: Setting CVar [[r.DistanceFieldShadowing:1]]
[2022.10.06-19.34.55:806][  0]LogConfig: Setting CVar [[r.DistanceFieldAO:1]]
[2022.10.06-19.34.55:806][  0]LogConfig: Setting CVar [[r.AOQuality:2]]
[2022.10.06-19.34.55:806][  0]LogConfig: Setting CVar [[r.VolumetricFog:1]]
[2022.10.06-19.34.55:806][  0]LogConfig: Setting CVar [[r.VolumetricFog.GridPixelSize:8]]
[2022.10.06-19.34.55:806][  0]LogConfig: Setting CVar [[r.VolumetricFog.GridSizeZ:128]]
[2022.10.06-19.34.55:806][  0]LogConfig: Setting CVar [[r.VolumetricFog.HistoryMissSupersampleCount:4]]
[2022.10.06-19.34.55:806][  0]LogConfig: Setting CVar [[r.LightMaxDrawDistanceScale:1]]
[2022.10.06-19.34.55:806][  0]LogConfig: Setting CVar [[r.CapsuleShadows:1]]
[2022.10.06-19.34.55:806][  0]LogConfig: Applying CVar settings from Section [PostProcessQuality@3] File [C:/Users/21010782/Documents/Unreal Projects/MyProject4/Saved/Config/Windows/Scalability.ini]
[2022.10.06-19.34.55:806][  0]LogConfig: Setting CVar [[r.MotionBlurQuality:4]]
[2022.10.06-19.34.55:806][  0]LogConfig: Setting CVar [[r.AmbientOcclusionMipLevelFactor:0.4]]
[2022.10.06-19.34.55:806][  0]LogConfig: Setting CVar [[r.AmbientOcclusionMaxQuality:100]]
[2022.10.06-19.34.55:806][  0]LogConfig: Setting CVar [[r.AmbientOcclusionLevels:-1]]
[2022.10.06-19.34.55:806][  0]LogConfig: Setting CVar [[r.AmbientOcclusionRadiusScale:1.0]]
[2022.10.06-19.34.55:806][  0]LogConfig: Setting CVar [[r.DepthOfFieldQuality:2]]
[2022.10.06-19.34.55:806][  0]LogConfig: Setting CVar [[r.RenderTargetPoolMin:400]]
[2022.10.06-19.34.55:806][  0]LogConfig: Setting CVar [[r.LensFlareQuality:2]]
[2022.10.06-19.34.55:806][  0]LogConfig: Setting CVar [[r.SceneColorFringeQuality:1]]
[2022.10.06-19.34.55:806][  0]LogConfig: Setting CVar [[r.EyeAdaptationQuality:2]]
[2022.10.06-19.34.55:806][  0]LogConfig: Setting CVar [[r.BloomQuality:5]]
[2022.10.06-19.34.55:806][  0]LogConfig: Setting CVar [[r.FastBlurThreshold:100]]
[2022.10.06-19.34.55:806][  0]LogConfig: Setting CVar [[r.Upscale.Quality:3]]
[2022.10.06-19.34.55:806][  0]LogConfig: Setting CVar [[r.Tonemapper.GrainQuantization:1]]
[2022.10.06-19.34.55:806][  0]LogConfig: Setting CVar [[r.LightShaftQuality:1]]
[2022.10.06-19.34.55:806][  0]LogConfig: Setting CVar [[r.Filter.SizeScale:1]]
[2022.10.06-19.34.55:806][  0]LogConfig: Setting CVar [[r.Tonemapper.Quality:5]]
[2022.10.06-19.34.55:806][  0]LogConfig: Setting CVar [[r.DOF.Gather.AccumulatorQuality:1        ; higher gathering accumulator quality]]
[2022.10.06-19.34.55:807][  0]LogConfig: Setting CVar [[r.DOF.Gather.PostfilterMethod:1          ; Median3x3 postfilering method]]
[2022.10.06-19.34.55:807][  0]LogConfig: Setting CVar [[r.DOF.Gather.EnableBokehSettings:0       ; no bokeh simulation when gathering]]
[2022.10.06-19.34.55:807][  0]LogConfig: Setting CVar [[r.DOF.Gather.RingCount:4                 ; medium number of samples when gathering]]
[2022.10.06-19.34.55:807][  0]LogConfig: Setting CVar [[r.DOF.Scatter.ForegroundCompositing:1    ; additive foreground scattering]]
[2022.10.06-19.34.55:807][  0]LogConfig: Setting CVar [[r.DOF.Scatter.BackgroundCompositing:2    ; additive background scattering]]
[2022.10.06-19.34.55:807][  0]LogConfig: Setting CVar [[r.DOF.Scatter.EnableBokehSettings:1      ; bokeh simulation when scattering]]
[2022.10.06-19.34.55:807][  0]LogConfig: Setting CVar [[r.DOF.Scatter.MaxSpriteRatio:0.1         ; only a maximum of 10% of scattered bokeh]]
[2022.10.06-19.34.55:807][  0]LogConfig: Setting CVar [[r.DOF.Recombine.Quality:1                ; cheap slight out of focus]]
[2022.10.06-19.34.55:807][  0]LogConfig: Setting CVar [[r.DOF.Recombine.EnableBokehSettings:0    ; no bokeh simulation on slight out of focus]]
[2022.10.06-19.34.55:807][  0]LogConfig: Setting CVar [[r.DOF.TemporalAAQuality:1                ; more stable temporal accumulation]]
[2022.10.06-19.34.55:807][  0]LogConfig: Setting CVar [[r.DOF.Kernel.MaxForegroundRadius:0.025]]
[2022.10.06-19.34.55:807][  0]LogConfig: Setting CVar [[r.DOF.Kernel.MaxBackgroundRadius:0.025]]
[2022.10.06-19.34.55:807][  0]LogConfig: Applying CVar settings from Section [TextureQuality@3] File [C:/Users/21010782/Documents/Unreal Projects/MyProject4/Saved/Config/Windows/Scalability.ini]
[2022.10.06-19.34.55:807][  0]LogConfig: Setting CVar [[r.Streaming.MipBias:0]]
[2022.10.06-19.34.55:807][  0]LogConfig: Setting CVar [[r.Streaming.AmortizeCPUToGPUCopy:0]]
[2022.10.06-19.34.55:807][  0]LogConfig: Setting CVar [[r.Streaming.MaxNumTexturesToStreamPerFrame:0]]
[2022.10.06-19.34.55:807][  0]LogConfig: Setting CVar [[r.Streaming.Boost:1]]
[2022.10.06-19.34.55:807][  0]LogConfig: Setting CVar [[r.MaxAnisotropy:8]]
[2022.10.06-19.34.55:807][  0]LogConfig: Setting CVar [[r.VT.MaxAnisotropy:8]]
[2022.10.06-19.34.55:807][  0]LogConfig: Setting CVar [[r.Streaming.LimitPoolSizeToVRAM:0]]
[2022.10.06-19.34.55:807][  0]LogConfig: Setting CVar [[r.Streaming.PoolSize:1000]]
[2022.10.06-19.34.55:807][  0]LogConfig: Setting CVar [[r.Streaming.MaxEffectiveScreenSize:0]]
[2022.10.06-19.34.55:807][  0]LogConfig: Applying CVar settings from Section [EffectsQuality@3] File [C:/Users/21010782/Documents/Unreal Projects/MyProject4/Saved/Config/Windows/Scalability.ini]
[2022.10.06-19.34.55:807][  0]LogConfig: Setting CVar [[r.TranslucencyLightingVolumeDim:64]]
[2022.10.06-19.34.55:807][  0]LogConfig: Setting CVar [[r.RefractionQuality:2]]
[2022.10.06-19.34.55:807][  0]LogConfig: Setting CVar [[r.SSR.Quality:3]]
[2022.10.06-19.34.55:807][  0]LogConfig: Setting CVar [[r.SSR.HalfResSceneColor:0]]
[2022.10.06-19.34.55:807][  0]LogConfig: Setting CVar [[r.SceneColorFormat:4]]
[2022.10.06-19.34.55:807][  0]LogConfig: Setting CVar [[r.DetailMode:2]]
[2022.10.06-19.34.55:807][  0]LogConfig: Setting CVar [[r.TranslucencyVolumeBlur:1]]
[2022.10.06-19.34.55:807][  0]LogConfig: Setting CVar [[r.MaterialQualityLevel:1 ; High quality]]
[2022.10.06-19.34.55:807][  0]LogConfig: Setting CVar [[r.AnisotropicMaterials:1]]
[2022.10.06-19.34.55:807][  0]LogConfig: Setting CVar [[r.SSS.Scale:1]]
[2022.10.06-19.34.55:807][  0]LogConfig: Setting CVar [[r.SSS.SampleSet:2]]
[2022.10.06-19.34.55:807][  0]LogConfig: Setting CVar [[r.SSS.Quality:1]]
[2022.10.06-19.34.55:807][  0]LogConfig: Setting CVar [[r.SSS.HalfRes:0]]
[2022.10.06-19.34.55:807][  0]LogConfig: Setting CVar [[r.SSGI.Quality:3]]
[2022.10.06-19.34.55:807][  0]LogConfig: Setting CVar [[r.EmitterSpawnRateScale:1.0]]
[2022.10.06-19.34.55:807][  0]LogConfig: Setting CVar [[r.ParticleLightQuality:2]]
[2022.10.06-19.34.55:807][  0]LogConfig: Setting CVar [[r.SkyAtmosphere.AerialPerspectiveLUT.FastApplyOnOpaque:1 ; Always have FastSkyLUT 1 in this case to avoid wrong sky]]
[2022.10.06-19.34.55:807][  0]LogConfig: Setting CVar [[r.SkyAtmosphere.AerialPerspectiveLUT.SampleCountMaxPerSlice:4]]
[2022.10.06-19.34.55:807][  0]LogConfig: Setting CVar [[r.SkyAtmosphere.AerialPerspectiveLUT.DepthResolution:16.0]]
[2022.10.06-19.34.55:807][  0]LogConfig: Setting CVar [[r.SkyAtmosphere.FastSkyLUT:1]]
[2022.10.06-19.34.55:807][  0]LogConfig: Setting CVar [[r.SkyAtmosphere.FastSkyLUT.SampleCountMin:4.0]]
[2022.10.06-19.34.55:807][  0]LogConfig: Setting CVar [[r.SkyAtmosphere.FastSkyLUT.SampleCountMax:128.0]]
[2022.10.06-19.34.55:807][  0]LogConfig: Setting CVar [[r.SkyAtmosphere.SampleCountMin:4.0]]
[2022.10.06-19.34.55:807][  0]LogConfig: Setting CVar [[r.SkyAtmosphere.SampleCountMax:128.0]]
[2022.10.06-19.34.55:807][  0]LogConfig: Setting CVar [[r.SkyAtmosphere.TransmittanceLUT.UseSmallFormat:0]]
[2022.10.06-19.34.55:807][  0]LogConfig: Setting CVar [[r.SkyAtmosphere.TransmittanceLUT.SampleCount:10.0]]
[2022.10.06-19.34.55:807][  0]LogConfig: Setting CVar [[r.SkyAtmosphere.MultiScatteringLUT.SampleCount:15.0]]
[2022.10.06-19.34.55:807][  0]LogConfig: Setting CVar [[r.SkyLight.RealTimeReflectionCapture:1]]
[2022.10.06-19.34.55:807][  0]LogConfig: Applying CVar settings from Section [FoliageQuality@3] File [C:/Users/21010782/Documents/Unreal Projects/MyProject4/Saved/Config/Windows/Scalability.ini]
[2022.10.06-19.34.55:807][  0]LogConfig: Setting CVar [[foliage.DensityScale:1.0]]
[2022.10.06-19.34.55:807][  0]LogConfig: Setting CVar [[grass.DensityScale:1.0]]
[2022.10.06-19.34.55:807][  0]LogConfig: Applying CVar settings from Section [ShadingQuality@3] File [C:/Users/21010782/Documents/Unreal Projects/MyProject4/Saved/Config/Windows/Scalability.ini]
[2022.10.06-19.34.55:807][  0]LogConfig: Setting CVar [[r.HairStrands.SkyLighting.IntegrationType:2]]
[2022.10.06-19.34.55:807][  0]LogConfig: Setting CVar [[r.HairStrands.SkyAO.SampleCount:4]]
[2022.10.06-19.34.55:807][  0]LogConfig: Setting CVar [[r.HairStrands.Visibility.MSAA.SamplePerPixel:4]]
[2022.10.06-19.34.55:807][  0]LogInit: Selected Device Profile: [Windows]
[2022.10.06-19.34.55:807][  0]LogInit: Applying CVar settings loaded from the selected device profile: [Windows]
[2022.10.06-19.34.55:807][  0]LogHAL: Display: Platform has ~ 16 GB [16973533184 / 17179869184 / 16], which maps to Larger [LargestMinGB=32, LargerMinGB=12, DefaultMinGB=8, SmallerMinGB=6, SmallestMinGB=0)
[2022.10.06-19.34.55:807][  0]LogInit: Going up to parent DeviceProfile []
[2022.10.06-19.34.55:807][  0]LogConfig: Applying CVar settings from Section [ViewDistanceQuality@3] File [C:/Users/21010782/Documents/Unreal Projects/MyProject4/Saved/Config/Windows/Scalability.ini]
[2022.10.06-19.34.55:807][  0]LogConfig: Setting CVar [[r.SkeletalMeshLODBias:0]]
[2022.10.06-19.34.55:807][  0]LogConfig: Setting CVar [[r.ViewDistanceScale:1.0]]
[2022.10.06-19.34.55:807][  0]LogConfig: Applying CVar settings from Section [AntiAliasingQuality@3] File [C:/Users/21010782/Documents/Unreal Projects/MyProject4/Saved/Config/Windows/Scalability.ini]
[2022.10.06-19.34.55:807][  0]LogConfig: Setting CVar [[r.PostProcessAAQuality:4]]
[2022.10.06-19.34.55:807][  0]LogConfig: Applying CVar settings from Section [ShadowQuality@3] File [C:/Users/21010782/Documents/Unreal Projects/MyProject4/Saved/Config/Windows/Scalability.ini]
[2022.10.06-19.34.55:807][  0]LogConfig: Setting CVar [[r.LightFunctionQuality:1]]
[2022.10.06-19.34.55:807][  0]LogConfig: Setting CVar [[r.ShadowQuality:5]]
[2022.10.06-19.34.55:808][  0]LogConfig: Setting CVar [[r.Shadow.CSM.MaxCascades:10]]
[2022.10.06-19.34.55:808][  0]LogConfig: Setting CVar [[r.Shadow.MaxResolution:2048]]
[2022.10.06-19.34.55:808][  0]LogConfig: Setting CVar [[r.Shadow.MaxCSMResolution:2048]]
[2022.10.06-19.34.55:808][  0]LogConfig: Setting CVar [[r.Shadow.RadiusThreshold:0.01]]
[2022.10.06-19.34.55:808][  0]LogConfig: Setting CVar [[r.Shadow.DistanceScale:1.0]]
[2022.10.06-19.34.55:808][  0]LogConfig: Setting CVar [[r.Shadow.CSM.TransitionScale:1.0]]
[2022.10.06-19.34.55:808][  0]LogConfig: Setting CVar [[r.Shadow.PreShadowResolutionFactor:1.0]]
[2022.10.06-19.34.55:808][  0]LogConfig: Setting CVar [[r.DistanceFieldShadowing:1]]
[2022.10.06-19.34.55:808][  0]LogConfig: Setting CVar [[r.DistanceFieldAO:1]]
[2022.10.06-19.34.55:808][  0]LogConfig: Setting CVar [[r.AOQuality:2]]
[2022.10.06-19.34.55:808][  0]LogConfig: Setting CVar [[r.VolumetricFog:1]]
[2022.10.06-19.34.55:808][  0]LogConfig: Setting CVar [[r.VolumetricFog.GridPixelSize:8]]
[2022.10.06-19.34.55:808][  0]LogConfig: Setting CVar [[r.VolumetricFog.GridSizeZ:128]]
[2022.10.06-19.34.55:808][  0]LogConfig: Setting CVar [[r.VolumetricFog.HistoryMissSupersampleCount:4]]
[2022.10.06-19.34.55:808][  0]LogConfig: Setting CVar [[r.LightMaxDrawDistanceScale:1]]
[2022.10.06-19.34.55:808][  0]LogConfig: Setting CVar [[r.CapsuleShadows:1]]
[2022.10.06-19.34.55:808][  0]LogConfig: Applying CVar settings from Section [PostProcessQuality@3] File [C:/Users/21010782/Documents/Unreal Projects/MyProject4/Saved/Config/Windows/Scalability.ini]
[2022.10.06-19.34.55:808][  0]LogConfig: Setting CVar [[r.MotionBlurQuality:4]]
[2022.10.06-19.34.55:808][  0]LogConfig: Setting CVar [[r.AmbientOcclusionMipLevelFactor:0.4]]
[2022.10.06-19.34.55:808][  0]LogConfig: Setting CVar [[r.AmbientOcclusionMaxQuality:100]]
[2022.10.06-19.34.55:808][  0]LogConfig: Setting CVar [[r.AmbientOcclusionLevels:-1]]
[2022.10.06-19.34.55:808][  0]LogConfig: Setting CVar [[r.AmbientOcclusionRadiusScale:1.0]]
[2022.10.06-19.34.55:808][  0]LogConfig: Setting CVar [[r.DepthOfFieldQuality:2]]
[2022.10.06-19.34.55:808][  0]LogConfig: Setting CVar [[r.RenderTargetPoolMin:400]]
[2022.10.06-19.34.55:808][  0]LogConfig: Setting CVar [[r.LensFlareQuality:2]]
[2022.10.06-19.34.55:808][  0]LogConfig: Setting CVar [[r.SceneColorFringeQuality:1]]
[2022.10.06-19.34.55:808][  0]LogConfig: Setting CVar [[r.EyeAdaptationQuality:2]]
[2022.10.06-19.34.55:808][  0]LogConfig: Setting CVar [[r.BloomQuality:5]]
[2022.10.06-19.34.55:808][  0]LogConfig: Setting CVar [[r.FastBlurThreshold:100]]
[2022.10.06-19.34.55:808][  0]LogConfig: Setting CVar [[r.Upscale.Quality:3]]
[2022.10.06-19.34.55:808][  0]LogConfig: Setting CVar [[r.Tonemapper.GrainQuantization:1]]
[2022.10.06-19.34.55:808][  0]LogConfig: Setting CVar [[r.LightShaftQuality:1]]
[2022.10.06-19.34.55:808][  0]LogConfig: Setting CVar [[r.Filter.SizeScale:1]]
[2022.10.06-19.34.55:808][  0]LogConfig: Setting CVar [[r.Tonemapper.Quality:5]]
[2022.10.06-19.34.55:808][  0]LogConfig: Setting CVar [[r.DOF.Gather.AccumulatorQuality:1        ; higher gathering accumulator quality]]
[2022.10.06-19.34.55:808][  0]LogConfig: Setting CVar [[r.DOF.Gather.PostfilterMethod:1          ; Median3x3 postfilering method]]
[2022.10.06-19.34.55:808][  0]LogConfig: Setting CVar [[r.DOF.Gather.EnableBokehSettings:0       ; no bokeh simulation when gathering]]
[2022.10.06-19.34.55:808][  0]LogConfig: Setting CVar [[r.DOF.Gather.RingCount:4                 ; medium number of samples when gathering]]
[2022.10.06-19.34.55:808][  0]LogConfig: Setting CVar [[r.DOF.Scatter.ForegroundCompositing:1    ; additive foreground scattering]]
[2022.10.06-19.34.55:808][  0]LogConfig: Setting CVar [[r.DOF.Scatter.BackgroundCompositing:2    ; additive background scattering]]
[2022.10.06-19.34.55:808][  0]LogConfig: Setting CVar [[r.DOF.Scatter.EnableBokehSettings:1      ; bokeh simulation when scattering]]
[2022.10.06-19.34.55:808][  0]LogConfig: Setting CVar [[r.DOF.Scatter.MaxSpriteRatio:0.1         ; only a maximum of 10% of scattered bokeh]]
[2022.10.06-19.34.55:808][  0]LogConfig: Setting CVar [[r.DOF.Recombine.Quality:1                ; cheap slight out of focus]]
[2022.10.06-19.34.55:808][  0]LogConfig: Setting CVar [[r.DOF.Recombine.EnableBokehSettings:0    ; no bokeh simulation on slight out of focus]]
[2022.10.06-19.34.55:808][  0]LogConfig: Setting CVar [[r.DOF.TemporalAAQuality:1                ; more stable temporal accumulation]]
[2022.10.06-19.34.55:808][  0]LogConfig: Setting CVar [[r.DOF.Kernel.MaxForegroundRadius:0.025]]
[2022.10.06-19.34.55:808][  0]LogConfig: Setting CVar [[r.DOF.Kernel.MaxBackgroundRadius:0.025]]
[2022.10.06-19.34.55:808][  0]LogConfig: Applying CVar settings from Section [TextureQuality@3] File [C:/Users/21010782/Documents/Unreal Projects/MyProject4/Saved/Config/Windows/Scalability.ini]
[2022.10.06-19.34.55:808][  0]LogConfig: Setting CVar [[r.Streaming.MipBias:0]]
[2022.10.06-19.34.55:808][  0]LogConfig: Setting CVar [[r.Streaming.AmortizeCPUToGPUCopy:0]]
[2022.10.06-19.34.55:808][  0]LogConfig: Setting CVar [[r.Streaming.MaxNumTexturesToStreamPerFrame:0]]
[2022.10.06-19.34.55:808][  0]LogConfig: Setting CVar [[r.Streaming.Boost:1]]
[2022.10.06-19.34.55:808][  0]LogConfig: Setting CVar [[r.MaxAnisotropy:8]]
[2022.10.06-19.34.55:808][  0]LogConfig: Setting CVar [[r.VT.MaxAnisotropy:8]]
[2022.10.06-19.34.55:808][  0]LogConfig: Setting CVar [[r.Streaming.LimitPoolSizeToVRAM:0]]
[2022.10.06-19.34.55:808][  0]LogConfig: Setting CVar [[r.Streaming.PoolSize:1000]]
[2022.10.06-19.34.55:808][  0]LogConfig: Setting CVar [[r.Streaming.MaxEffectiveScreenSize:0]]
[2022.10.06-19.34.55:808][  0]LogConfig: Applying CVar settings from Section [EffectsQuality@3] File [C:/Users/21010782/Documents/Unreal Projects/MyProject4/Saved/Config/Windows/Scalability.ini]
[2022.10.06-19.34.55:808][  0]LogConfig: Setting CVar [[r.TranslucencyLightingVolumeDim:64]]
[2022.10.06-19.34.55:808][  0]LogConfig: Setting CVar [[r.RefractionQuality:2]]
[2022.10.06-19.34.55:808][  0]LogConfig: Setting CVar [[r.SSR.Quality:3]]
[2022.10.06-19.34.55:808][  0]LogConfig: Setting CVar [[r.SSR.HalfResSceneColor:0]]
[2022.10.06-19.34.55:808][  0]LogConfig: Setting CVar [[r.SceneColorFormat:4]]
[2022.10.06-19.34.55:808][  0]LogConfig: Setting CVar [[r.DetailMode:2]]
[2022.10.06-19.34.55:808][  0]LogConfig: Setting CVar [[r.TranslucencyVolumeBlur:1]]
[2022.10.06-19.34.55:808][  0]LogConfig: Setting CVar [[r.MaterialQualityLevel:1 ; High quality]]
[2022.10.06-19.34.55:808][  0]LogConfig: Setting CVar [[r.AnisotropicMaterials:1]]
[2022.10.06-19.34.55:808][  0]LogConfig: Setting CVar [[r.SSS.Scale:1]]
[2022.10.06-19.34.55:808][  0]LogConfig: Setting CVar [[r.SSS.SampleSet:2]]
[2022.10.06-19.34.55:808][  0]LogConfig: Setting CVar [[r.SSS.Quality:1]]
[2022.10.06-19.34.55:808][  0]LogConfig: Setting CVar [[r.SSS.HalfRes:0]]
[2022.10.06-19.34.55:808][  0]LogConfig: Setting CVar [[r.SSGI.Quality:3]]
[2022.10.06-19.34.55:808][  0]LogConfig: Setting CVar [[r.EmitterSpawnRateScale:1.0]]
[2022.10.06-19.34.55:808][  0]LogConfig: Setting CVar [[r.ParticleLightQuality:2]]
[2022.10.06-19.34.55:808][  0]LogConfig: Setting CVar [[r.SkyAtmosphere.AerialPerspectiveLUT.FastApplyOnOpaque:1 ; Always have FastSkyLUT 1 in this case to avoid wrong sky]]
[2022.10.06-19.34.55:808][  0]LogConfig: Setting CVar [[r.SkyAtmosphere.AerialPerspectiveLUT.SampleCountMaxPerSlice:4]]
[2022.10.06-19.34.55:808][  0]LogConfig: Setting CVar [[r.SkyAtmosphere.AerialPerspectiveLUT.DepthResolution:16.0]]
[2022.10.06-19.34.55:808][  0]LogConfig: Setting CVar [[r.SkyAtmosphere.FastSkyLUT:1]]
[2022.10.06-19.34.55:808][  0]LogConfig: Setting CVar [[r.SkyAtmosphere.FastSkyLUT.SampleCountMin:4.0]]
[2022.10.06-19.34.55:808][  0]LogConfig: Setting CVar [[r.SkyAtmosphere.FastSkyLUT.SampleCountMax:128.0]]
[2022.10.06-19.34.55:808][  0]LogConfig: Setting CVar [[r.SkyAtmosphere.SampleCountMin:4.0]]
[2022.10.06-19.34.55:808][  0]LogConfig: Setting CVar [[r.SkyAtmosphere.SampleCountMax:128.0]]
[2022.10.06-19.34.55:808][  0]LogConfig: Setting CVar [[r.SkyAtmosphere.TransmittanceLUT.UseSmallFormat:0]]
[2022.10.06-19.34.55:808][  0]LogConfig: Setting CVar [[r.SkyAtmosphere.TransmittanceLUT.SampleCount:10.0]]
[2022.10.06-19.34.55:808][  0]LogConfig: Setting CVar [[r.SkyAtmosphere.MultiScatteringLUT.SampleCount:15.0]]
[2022.10.06-19.34.55:808][  0]LogConfig: Setting CVar [[r.SkyLight.RealTimeReflectionCapture:1]]
[2022.10.06-19.34.55:808][  0]LogConfig: Applying CVar settings from Section [FoliageQuality@3] File [C:/Users/21010782/Documents/Unreal Projects/MyProject4/Saved/Config/Windows/Scalability.ini]
[2022.10.06-19.34.55:808][  0]LogConfig: Setting CVar [[foliage.DensityScale:1.0]]
[2022.10.06-19.34.55:808][  0]LogConfig: Setting CVar [[grass.DensityScale:1.0]]
[2022.10.06-19.34.55:808][  0]LogConfig: Applying CVar settings from Section [ShadingQuality@3] File [C:/Users/21010782/Documents/Unreal Projects/MyProject4/Saved/Config/Windows/Scalability.ini]
[2022.10.06-19.34.55:809][  0]LogConfig: Setting CVar [[r.HairStrands.SkyLighting.IntegrationType:2]]
[2022.10.06-19.34.55:809][  0]LogConfig: Setting CVar [[r.HairStrands.SkyAO.SampleCount:4]]
[2022.10.06-19.34.55:809][  0]LogConfig: Setting CVar [[r.HairStrands.Visibility.MSAA.SamplePerPixel:4]]
[2022.10.06-19.34.55:809][  0]LogConfig: Applying CVar settings from Section [Startup] File [../../../Engine/Config/ConsoleVariables.ini]
[2022.10.06-19.34.55:809][  0]LogConfig: Setting CVar [[net.UseAdaptiveNetUpdateFrequency:0]]
[2022.10.06-19.34.55:809][  0]LogConfig: Setting CVar [[p.chaos.AllowCreatePhysxBodies:1]]
[2022.10.06-19.34.55:809][  0]LogConfig: Setting CVar [[fx.SkipVectorVMBackendOptimizations:1]]
[2022.10.06-19.34.55:809][  0]LogConfig: Applying CVar settings from Section [ConsoleVariables] File [C:/Users/21010782/Documents/Unreal Projects/MyProject4/Saved/Config/Windows/Engine.ini]
[2022.10.06-19.34.55:809][  0]LogConfig: Applying CVar settings from Section [ConsoleVariables] File [C:/Users/21010782/Documents/Unreal Projects/MyProject4/Saved/Config/Windows/Editor.ini]
[2022.10.06-19.34.55:809][  0]LogInit: Computer: 321-06
[2022.10.06-19.34.55:809][  0]LogInit: User: 21010782
[2022.10.06-19.34.55:809][  0]LogInit: CPU Page size=4096, Cores=6
[2022.10.06-19.34.55:809][  0]LogInit: High frequency timer resolution =10.000000 MHz
[2022.10.06-19.34.55:809][  0]LogMemory: Memory total: Physical=15.8GB (16GB approx)
[2022.10.06-19.34.55:809][  0]LogMemory: Platform Memory Stats for Windows
[2022.10.06-19.34.55:809][  0]LogMemory: Process Physical Memory: 145.14 MB used, 145.14 MB peak
[2022.10.06-19.34.55:809][  0]LogMemory: Process Virtual Memory: 118.56 MB used, 118.56 MB peak
[2022.10.06-19.34.55:809][  0]LogMemory: Physical Memory: 5755.93 MB used,  10431.30 MB free, 16187.22 MB total
[2022.10.06-19.34.55:809][  0]LogMemory: Virtual Memory: 134206176.00 MB used,  11550.45 MB free, 134217728.00 MB total
[2022.10.06-19.34.55:815][  0]LogWindows: WindowsPlatformFeatures enabled
[2022.10.06-19.34.55:897][  0]LogInit: Physics initialised using underlying interface: PhysX
[2022.10.06-19.34.55:898][  0]LogInit: Overriding language with editor language configuration option (en).
[2022.10.06-19.34.55:898][  0]LogInit: Overriding language with editor locale configuration option (en).
[2022.10.06-19.34.56:067][  0]LogInit: Setting process to per monitor DPI aware
[2022.10.06-19.34.56:081][  0]LogWindowsTextInputMethodSystem: Display: IME system deactivated.
[2022.10.06-19.34.56:095][  0]LogSlate: New Slate User Created.  User Index 0, Is Virtual User: 0
[2022.10.06-19.34.56:095][  0]LogSlate: Slate User Registered.  User Index 0, Is Virtual User: 0
[2022.10.06-19.34.56:290][  0]LogD3D11RHI: Loaded GFSDK_Aftermath_Lib.x64.dll
[2022.10.06-19.34.56:293][  0]LogHMD: Failed to initialize OpenVR with code 110
[2022.10.06-19.34.56:293][  0]LogD3D11RHI: D3D11 min allowed feature level: 11_0
[2022.10.06-19.34.56:293][  0]LogD3D11RHI: D3D11 max allowed feature level: 11_0
[2022.10.06-19.34.56:293][  0]LogD3D11RHI: D3D11 adapters:
[2022.10.06-19.34.56:380][  0]LogD3D11RHI:    0. 'NVIDIA GeForce GTX 1050 Ti' (Feature Level 11_0)
[2022.10.06-19.34.56:380][  0]LogD3D11RHI:       4018/0/8093 MB DedicatedVideo/DedicatedSystem/SharedSystem, Outputs:1, VendorId:0x10de
[2022.10.06-19.34.56:447][  0]LogD3D11RHI:    1. 'Intel(R) UHD Graphics 630' (Feature Level 11_0)
[2022.10.06-19.34.56:447][  0]LogD3D11RHI:       128/0/8093 MB DedicatedVideo/DedicatedSystem/SharedSystem, Outputs:0, VendorId:0x8086
[2022.10.06-19.34.56:449][  0]LogD3D11RHI:    2. 'Microsoft Basic Render Driver' (Feature Level 11_0)
[2022.10.06-19.34.56:449][  0]LogD3D11RHI:       0/0/8093 MB DedicatedVideo/DedicatedSystem/SharedSystem, Outputs:0, VendorId:0x1414
[2022.10.06-19.34.56:449][  0]LogD3D11RHI: Chosen D3D11 Adapter:
[2022.10.06-19.34.56:449][  0]LogD3D11RHI:     Description : NVIDIA GeForce GTX 1050 Ti
[2022.10.06-19.34.56:449][  0]LogD3D11RHI:     VendorId    : 10de
[2022.10.06-19.34.56:449][  0]LogD3D11RHI:     DeviceId    : 1c82
[2022.10.06-19.34.56:449][  0]LogD3D11RHI:     SubSysId    : 35121028
[2022.10.06-19.34.56:449][  0]LogD3D11RHI:     Revision    : 00a1
[2022.10.06-19.34.56:449][  0]LogD3D11RHI:     DedicatedVideoMemory : 4213178368 bytes
[2022.10.06-19.34.56:449][  0]LogD3D11RHI:     DedicatedSystemMemory : 0 bytes
[2022.10.06-19.34.56:449][  0]LogD3D11RHI:     SharedSystemMemory : 8486766592 bytes
[2022.10.06-19.34.56:449][  0]LogD3D11RHI:     AdapterLuid : 0 64537
[2022.10.06-19.34.56:453][  0]LogD3D11RHI: Creating new Direct3DDevice
[2022.10.06-19.34.56:453][  0]LogD3D11RHI:     GPU DeviceId: 0x1c82 (for the marketing name, search the web for "GPU Device Id")
[2022.10.06-19.34.56:453][  0]LogWindows: EnumDisplayDevices:
[2022.10.06-19.34.56:453][  0]LogWindows:    0. 'NVIDIA GeForce GTX 1050 Ti' (P:1 D:1)
[2022.10.06-19.34.56:454][  0]LogWindows:    1. 'NVIDIA GeForce GTX 1050 Ti' (P:0 D:0)
[2022.10.06-19.34.56:454][  0]LogWindows:    2. 'NVIDIA GeForce GTX 1050 Ti' (P:0 D:0)
[2022.10.06-19.34.56:454][  0]LogWindows:    3. 'NVIDIA GeForce GTX 1050 Ti' (P:0 D:0)
[2022.10.06-19.34.56:454][  0]LogWindows:    4. 'Intel(R) UHD Graphics 630' (P:0 D:0)
[2022.10.06-19.34.56:454][  0]LogWindows:    5. 'Intel(R) UHD Graphics 630' (P:0 D:0)
[2022.10.06-19.34.56:455][  0]LogWindows:    6. 'Intel(R) UHD Graphics 630' (P:0 D:0)
[2022.10.06-19.34.56:455][  0]LogWindows: DebugString: PrimaryIsNotTheChoosenAdapter PrimaryIsNotTheChoosenAdapter PrimaryIsNotTheChoosenAdapter FoundDriverCount:4 
[2022.10.06-19.34.56:455][  0]LogD3D11RHI:     Adapter Name: NVIDIA GeForce GTX 1050 Ti
[2022.10.06-19.34.56:455][  0]LogD3D11RHI:   Driver Version: 512.15 (internal:30.0.15.1215, unified:512.15)
[2022.10.06-19.34.56:455][  0]LogD3D11RHI:      Driver Date: 3-17-2022
[2022.10.06-19.34.56:455][  0]LogRHI: Texture pool is 2812 MB (70% of 4018 MB)
[2022.10.06-19.34.56:455][  0]LogD3D11RHI: Creating D3DDevice using adapter:
[2022.10.06-19.34.56:455][  0]LogD3D11RHI:     Description : NVIDIA GeForce GTX 1050 Ti
[2022.10.06-19.34.56:455][  0]LogD3D11RHI:     VendorId    : 10de
[2022.10.06-19.34.56:455][  0]LogD3D11RHI:     DeviceId    : 1c82
[2022.10.06-19.34.56:455][  0]LogD3D11RHI:     SubSysId    : 35121028
[2022.10.06-19.34.56:455][  0]LogD3D11RHI:     Revision    : 00a1
[2022.10.06-19.34.56:455][  0]LogD3D11RHI:     DedicatedVideoMemory : 4213178368 bytes
[2022.10.06-19.34.56:455][  0]LogD3D11RHI:     DedicatedSystemMemory : 0 bytes
[2022.10.06-19.34.56:455][  0]LogD3D11RHI:     SharedSystemMemory : 8486766592 bytes
[2022.10.06-19.34.56:455][  0]LogD3D11RHI:     AdapterLuid : 0 64537
[2022.10.06-19.34.56:513][  0]LogD3D11RHI: RHI has support for 64 bit atomics
[2022.10.06-19.34.56:513][  0]LogD3D11RHI: Async texture creation enabled
[2022.10.06-19.34.56:513][  0]LogD3D11RHI: Array index from any shader is supported
[2022.10.06-19.34.56:528][  0]LogD3D11RHI: GPU Timing Frequency: 1000.000000 (Debug: 2 1)
[2022.10.06-19.34.56:571][  0]LogRHI: GeForceNow SDK initialized: 1
[2022.10.06-19.34.56:874][  0]LogTargetPlatformManager: Display: Loaded TargetPlatform 'AllDesktop'
[2022.10.06-19.34.56:895][  0]LogTargetPlatformManager: Display: Loaded TargetPlatform 'Android'
[2022.10.06-19.34.56:895][  0]LogTargetPlatformManager: Display: Loaded TargetPlatform 'Android_ASTC'
[2022.10.06-19.34.56:895][  0]LogTargetPlatformManager: Display: Loaded TargetPlatform 'Android_DXT'
[2022.10.06-19.34.56:895][  0]LogTargetPlatformManager: Display: Loaded TargetPlatform 'Android_ETC2'
[2022.10.06-19.34.56:895][  0]LogTargetPlatformManager: Display: Loaded TargetPlatform 'AndroidClient'
[2022.10.06-19.34.56:895][  0]LogTargetPlatformManager: Display: Loaded TargetPlatform 'Android_ASTCClient'
[2022.10.06-19.34.56:895][  0]LogTargetPlatformManager: Display: Loaded TargetPlatform 'Android_DXTClient'
[2022.10.06-19.34.56:895][  0]LogTargetPlatformManager: Display: Loaded TargetPlatform 'Android_ETC2Client'
[2022.10.06-19.34.56:895][  0]LogTargetPlatformManager: Display: Loaded TargetPlatform 'Android_Multi'
[2022.10.06-19.34.56:895][  0]LogTargetPlatformManager: Display: Loaded TargetPlatform 'Android_MultiClient'
[2022.10.06-19.34.56:916][  0]LogTargetPlatformManager: Display: Loaded TargetPlatform 'IOSClient'
[2022.10.06-19.34.56:916][  0]LogTargetPlatformManager: Display: Loaded TargetPlatform 'IOS'
[2022.10.06-19.34.56:927][  0]LogTargetPlatformManager: Display: Loaded TargetPlatform 'Linux'
[2022.10.06-19.34.56:931][  0]LogTargetPlatformManager: Display: Loaded TargetPlatform 'LinuxNoEditor'
[2022.10.06-19.34.56:936][  0]LogTargetPlatformManager: Display: Loaded TargetPlatform 'LinuxClient'
[2022.10.06-19.34.56:940][  0]LogTargetPlatformManager: Display: Loaded TargetPlatform 'LinuxServer'
[2022.10.06-19.34.56:950][  0]LogTargetPlatformManager: Display: Loaded TargetPlatform 'LinuxAArch64NoEditor'
[2022.10.06-19.34.56:955][  0]LogTargetPlatformManager: Display: Loaded TargetPlatform 'LinuxAArch64Client'
[2022.10.06-19.34.56:959][  0]LogTargetPlatformManager: Display: Loaded TargetPlatform 'LinuxAArch64Server'
[2022.10.06-19.34.56:985][  0]LogTargetPlatformManager: Display: Loaded TargetPlatform 'Lumin'
[2022.10.06-19.34.56:985][  0]LogTargetPlatformManager: Display: Loaded TargetPlatform 'LuminClient'
[2022.10.06-19.34.56:994][  0]LogTargetPlatformManager: Display: Loaded TargetPlatform 'MacNoEditor'
[2022.10.06-19.34.56:999][  0]LogTargetPlatformManager: Display: Loaded TargetPlatform 'Mac'
[2022.10.06-19.34.57:003][  0]LogTargetPlatformManager: Display: Loaded TargetPlatform 'MacClient'
[2022.10.06-19.34.57:008][  0]LogTargetPlatformManager: Display: Loaded TargetPlatform 'MacServer'
[2022.10.06-19.34.57:019][  0]LogTargetPlatformManager: Display: Loaded TargetPlatform 'TVOSClient'
[2022.10.06-19.34.57:019][  0]LogTargetPlatformManager: Display: Loaded TargetPlatform 'TVOS'
[2022.10.06-19.34.57:028][  0]LogTargetPlatformManager: Display: Loaded TargetPlatform 'WindowsNoEditor'
[2022.10.06-19.34.57:033][  0]LogTargetPlatformManager: Display: Loaded TargetPlatform 'Windows'
[2022.10.06-19.34.57:038][  0]LogTargetPlatformManager: Display: Loaded TargetPlatform 'WindowsClient'
[2022.10.06-19.34.57:042][  0]LogTargetPlatformManager: Display: Loaded TargetPlatform 'WindowsServer'
[2022.10.06-19.34.57:042][  0]LogTargetPlatformManager: Display: Building Assets For Windows
[2022.10.06-19.34.57:051][  0]LogAudioDebug: Display: Lib vorbis DLL was dynamically loaded.
[2022.10.06-19.34.57:166][  0]LogTextureFormatOodle: Display: Oodle Texture 2.9.0 init RDO Off
[2022.10.06-19.34.57:238][  0]LogRendererCore: Ray tracing is disabled. Reason: r.RayTracing=0.
[2022.10.06-19.34.57:238][  0]LogShaderCompilers: Guid format shader working directory is -21 characters bigger than the processId version (../../../../../../Users/21010782/Documents/Unreal Projects/MyProject4/Intermediate/Shaders/WorkingDirectory/11348/).
[2022.10.06-19.34.57:239][  0]LogShaderCompilers: Cleaned the shader compiler working directory 'C:/Users/21010782/AppData/Local/Temp/UnrealShaderWorkingDir/58067A8945CDDE64191F90A5BDDC732A/'.
[2022.10.06-19.34.57:239][  0]LogXGEController: Cannot use XGE Controller as Incredibuild is not installed on this machine.
[2022.10.06-19.34.57:239][  0]LogShaderCompilers: Cannot use XGE Shader Compiler as Incredibuild is not installed on this machine.
[2022.10.06-19.34.57:239][  0]LogShaderCompilers: Display: Using Local Shader Compiler.
[2022.10.06-19.34.57:915][  0]LogDerivedDataCache: Display: Max Cache Size: 512 MB
[2022.10.06-19.34.57:964][  0]LogDerivedDataCache: Loaded boot cache 0.05s 94MB C:/Users/21010782/AppData/Local/UnrealEngine/4.27/DerivedDataCache/Boot.ddc.
[2022.10.06-19.34.57:964][  0]LogDerivedDataCache: Display: Loaded Boot cache: C:/Users/21010782/AppData/Local/UnrealEngine/4.27/DerivedDataCache/Boot.ddc
[2022.10.06-19.34.57:964][  0]LogDerivedDataCache: FDerivedDataBackendGraph:  Pak pak cache file ../../../../../../Users/21010782/Documents/Unreal Projects/MyProject4/DerivedDataCache/DDC.ddp not found, will not use a pak cache.
[2022.10.06-19.34.57:964][  0]LogDerivedDataCache: Unable to find inner node Pak for hierarchical cache Hierarchy.
[2022.10.06-19.34.57:964][  0]LogDerivedDataCache: FDerivedDataBackendGraph:  CompressedPak pak cache file ../../../../../../Users/21010782/Documents/Unreal Projects/MyProject4/DerivedDataCache/Compressed.ddp not found, will not use a pak cache.
[2022.10.06-19.34.57:964][  0]LogDerivedDataCache: Unable to find inner node CompressedPak for hierarchical cache Hierarchy.
[2022.10.06-19.34.57:978][  0]LogDerivedDataCache: Display: Pak cache opened for reading ../../../Engine/DerivedDataCache/Compressed.ddp.
[2022.10.06-19.34.57:978][  0]LogDerivedDataCache: FDerivedDataBackendGraph:  EnterprisePak pak cache file ../../../Enterprise/DerivedDataCache/Compressed.ddp not found, will not use a pak cache.
[2022.10.06-19.34.57:978][  0]LogDerivedDataCache: Unable to find inner node EnterprisePak for hierarchical cache Hierarchy.
[2022.10.06-19.34.57:986][  0]LogDerivedDataCache: Speed tests for C:/Users/21010782/AppData/Local/UnrealEngine/Common/DerivedDataCache took 0.01 seconds
[2022.10.06-19.34.57:986][  0]LogDerivedDataCache: Display: Performance to C:/Users/21010782/AppData/Local/UnrealEngine/Common/DerivedDataCache: Latency=0.08ms. RandomReadSpeed=812.95MBs, RandomWriteSpeed=165.16MBs. Assigned SpeedClass 'Local'
[2022.10.06-19.34.57:987][  0]LogDerivedDataCache: Using Local data cache path C:/Users/21010782/AppData/Local/UnrealEngine/Common/DerivedDataCache: Writable
[2022.10.06-19.34.57:987][  0]LogDerivedDataCache: Shared data cache path not found in *engine.ini, will not use an Shared cache.
[2022.10.06-19.34.57:987][  0]LogDerivedDataCache: Unable to find inner node Shared for hierarchical cache Hierarchy.
[2022.10.06-19.34.58:027][  0]LogSlate: Using FreeType 2.10.0
[2022.10.06-19.34.58:028][  0]LogSlate: SlateFontServices - WITH_FREETYPE: 1, WITH_HARFBUZZ: 1
[2022.10.06-19.34.58:057][  0]LogAssetRegistry: FAssetRegistry took 0.0025 seconds to start up
[2022.10.06-19.34.58:269][  0]LogInit: Selected Device Profile: [Windows]
[2022.10.06-19.34.58:270][  0]LogInit: Active device profile: [0000013165268F00][000001315CAEA280 49] Windows
[2022.10.06-19.34.58:270][  0]LogInit: Profiles: [0000013165268F00][000001315CAEA280 49] Windows, [00000131651E6500][000001315DF8C400 49] WindowsNoEditor, [0000013165269F00][000001315DF90580 49] WindowsServer, [00000131651E5700][000001315DF94700 49] WindowsClient, [0000013165269000][000001315CAEE840 49] IOS, [00000131651E7B00][000001315DF98980 49] iPadAir, [000001316526B300][000001315DF9CAC0 49] iPadAir2, [00000131651A1300][000001315DA40D80 49] IPadPro, [00000131651A1400][000001315DFA4DC0 49] iPadAir3, [00000131651E4B00][000001315DA44F40 49] iPadAir4, [00000131651A2100][000001315DA490C0 49] iPadMini2, [00000131651E7500][000001315DA4D240 49] iPadMini3, [00000131651A2C00][000001315DA513C0 49] iPadMini4, [00000131651E6800][000001315DA55540 49] iPadMini5, [00000131651D0E00][000001315DA5D800 49] iPhone6, [00000131651D0F00][000001315DA59840 49] iPodTouch6, [000001316526A800][000001315DA65B00 49] iPhone7, [000001316526A900][000001315DA61B40 49] iPodTouch7, [00000131651A0C00][000001315DA68140 49] iPhone5S, [0000013165269300][000001315DA6C2C0 49] iPhone6Plus, [00000131651A2A00][000001315DA70440 49] iPhone6S, [000001316526AD00][000001315DA745C0 49] iPhone6SPlus, [00000131651D0100][000001315DA78740 49] iPhone7Plus, [00000131651A1D00][000001315DA7C8C0 49] iPhoneSE, [00000131651D0C00][000001315DFA0A00 49] iPhone8, [00000131651A0400][000001315DA80B40 49] iPhone8Plus, [00000131651D2A00][000001315DA84C80 49] iPhoneX, [00000131651A3C00][000001315DA88DC0 49] iPhoneXS, [00000131651D2900][000001315DA90F40 49] iPhoneXSMax, [00000131651A0B00][000001315DA950C0 49] iPhoneXR, [000001316526B800][000001315DA99240 49] iPhone11, [00000131651A3D00][000001315DA9D3C0 49] iPhone11Pro, [0000013165269C00][000001315DAA1540 49] iPhone11ProMax, [00000131651A1100][000001315DAA56C0 49] iPhoneSE2, [0000013165269200][000001315DAA9840 49] iPhone12Mini, [00000131651A3100][000001315DAAD9C0 49] iPhone12, [0000013165268900][000001315DAB1B40 49] iPhone12Pro, [00000131651A0D00][000001315DAB4140 49] iPhone12ProMax, [000001316526BC00][000001315DAB82C0 49] iPadPro105, [00000131651A3700][000001315DABC440 49] iPadPro129, [000001316526B000][000001315DAC05C0 49] iPadPro97, [00000131651A0F00][000001315DAC4740 49] iPadPro2_129, [0000013165268C00][000001315DAC88C0 49] iPad5, [00000131651A3B00][000001315DACCA40 49] iPad6, [0000013165268400][000001315DA8CB80 49] iPad7, [00000131651A3E00][000001315DAD0CC0 49] iPad8, [0000013165269B00][000001315DAD4E00 49] iPadPro11, [00000131651A2400][00000131645A2F40 49] iPadPro2_11, [0000013165268800][00000131645AB0C0 49] iPadPro3_129, [00000131651A2800][00000131645AF240 49] iPadPro4_129, [000001316526AF00][00000131645B33C0 49] AppleTV, [00000131651A1200][00000131645B7540 49] AppleTV4K, [0000013165269700][00000131645BB6C0 49] TVOS, [00000131651A3600][00000131645BF840 49] Mac, [000001316526BA00][00000131645C39C0 49] MacClient, [00000131651A2500][00000131645C7B40 49] MacNoEditor, [0000013165268500][00000131645CA140 49] MacServer, [00000131651A2000][00000131645CE2C0 49] Linux, [000001316526BB00][00000131645D2440 49] LinuxAArch64, [00000131651A0300][00000131645D65C0 49] LinuxNoEditor, [000001316526B700][00000131645DA740 49] LinuxAArch64NoEditor, [00000131651A2600][00000131645DE8C0 49] LinuxClient, [000001316526A600][00000131645E2A40 49] LinuxAArch64Client, [00000131651A1A00][00000131645E6BC0 49] LinuxServer, [0000013165268200][00000131645EAD40 49] LinuxAArch64Server, [00000131651A1600][00000131645A6E80 49] Android, [000001316526A100][00000131645EEFC0 49] Android_Low, [00000131651A3800][00000131645F3100 49] Android_Mid, [0000013165268600][00000131645FB280 49] Android_High, [00000131651A2300][00000131645FF400 49] Android_Default, [000001316526A300][0000013164603580 49] Android_Adreno4xx, [00000131651A3000][0000013164607700 49] Android_Adreno5xx_Low, [000001316526AA00][000001316460B880 49] Android_Adreno5xx, [00000131651A0100][000001316460FA00 49] Android_Adreno6xx, [0000013165268B00][0000013164613B80 49] Android_Adreno6xx_Vulkan, [00000131651A0A00][0000013164616180 49] Android_Mali_T6xx, [0000013165268700][000001316461A300 49] Android_Mali_T7xx, [00000131651E5B00][000001316461E480 49] Android_Mali_T8xx, [00000131651D0300][0000013164622600 49] Android_Mali_G71, [00000131651E4600][0000013164626780 49] Android_Mali_G72, [00000131651D1200][000001316462A900 49] Android_Mali_G72_Vulkan, [00000131651E7F00][000001316462EA80 49] Android_Mali_G76, [00000131651D0700][0000013164632C00 49] Android_Mali_G76_Vulkan, [00000131651E7E00][0000013164636D80 49] Android_Mali_G77, [00000131651D3B00][000001316463AF00 49] Android_Mali_G77_Vulkan, [00000131651E5C00][00000131645F7040 49] Android_Mali_G78, [00000131651D3100][000001316463F180 49] Android_Mali_G78_Vulkan, [00000131651E7A00][00000131646432C0 49] Android_Mali_G710, [00000131651D2C00][000001316464B440 49] Android_Mali_G710_Vulkan, [00000131651E7700][00000131656615C0 49] Android_Vulkan_SM5, [00000131651D3800][0000013165665740 49] Android_PowerVR_G6xxx, [00000131651E5A00][00000131656698C0 49] Android_PowerVR_GT7xxx, [00000131651D1D00][000001316566DA40 49] Android_PowerVR_GE8xxx, [00000131651E6E00][0000013165671BC0 49] Android_PowerVR_GM9xxx, [00000131651D0800][00000131656741C0 49] Android_PowerVR_GM9xxx_Vulkan, [00000131651E5D00][0000013165678340 49] Android_TegraK1, [00000131651D1000][000001316567C4C0 49] Android_Unknown_Vulkan, [00000131651E6400][0000013165680640 49] Lumin, [00000131651D3E00][00000131656847C0 49] Lumin_Desktop, [00000131651E6C00][0000013165688940 49] HoloLens, 
[2022.10.06-19.34.58:496][  0]LogMeshReduction: Using QuadricMeshReduction for automatic static mesh reduction
[2022.10.06-19.34.58:496][  0]LogMeshReduction: Using SimplygonMeshReduction for automatic skeletal mesh reduction
[2022.10.06-19.34.58:496][  0]LogMeshReduction: Using ProxyLODMeshReduction for automatic mesh merging
[2022.10.06-19.34.58:496][  0]LogMeshReduction: No distributed automatic mesh merging module available
[2022.10.06-19.34.58:496][  0]LogMeshMerging: No distributed automatic mesh merging module available
[2022.10.06-19.34.58:513][  0]LogNetVersion: MyProject4 1.0.0, NetCL: 17155196, EngineNetVer: 17, GameNetVer: 0 (Checksum: 4146347907)
[2022.10.06-19.34.58:895][  0]LogTexture: Default maximum texture size for cubemaps generated from long-lat sources has been changed from 512 to unlimited. In order to preserve old behaiour for '/Engine/MapTemplates/Sky/DaylightAmbientCubemap.DaylightAmbientCubemap', its maximum texture size has been explicitly set to 512.
[2022.10.06-19.34.58:946][  0]LogHMD: PokeAHoleMaterial loaded successfully
[2022.10.06-19.34.58:952][  0]LogUObjectArray: 17178 objects as part of root set at end of initial load.
[2022.10.06-19.34.58:952][  0]LogUObjectAllocator: 4302048 out of 0 bytes used by permanent object pool.
[2022.10.06-19.34.58:952][  0]LogUObjectArray: CloseDisregardForGC: 0/0 objects in disregard for GC pool
[2022.10.06-19.34.59:287][  0]LogNiagaraDebuggerClient: Niagara Debugger Client Initialized | Session: 3F69CE8B4A0753ADDD81BB8CF4F7AC11 | Instance: 52905C984660432CE0D504A3495264BA (321-06-11348).
[2022.10.06-19.34.59:492][  0]LogPython: Using Python 3.7.7
[2022.10.06-19.35.00:038][  0]LogTcpMessaging: Initializing TcpMessaging bridge
[2022.10.06-19.35.00:042][  0]LogUdpMessaging: Initializing bridge on interface 0.0.0.0:0 to multicast group 230.0.0.1:6666.
[2022.10.06-19.35.00:256][  0]SourceControl: Source control is disabled
[2022.10.06-19.35.00:257][  0]SourceControl: Source control is disabled
[2022.10.06-19.35.00:260][  0]SourceControl: Source control is disabled
[2022.10.06-19.35.00:276][  0]SourceControl: Source control is disabled
[2022.10.06-19.35.00:285][  0]SourceControl: Source control is disabled
[2022.10.06-19.35.00:293][  0]LogUProjectInfo: Found projects:
[2022.10.06-19.35.00:480][  0]LogOpenImageDenoise: OIDN starting up
[2022.10.06-19.35.00:540][  0]LogAndroidPermission: UAndroidPermissionCallbackProxy::GetInstance
[2022.10.06-19.35.00:564][  0]LogAudioCaptureCore: Display: No Audio Capture implementations found. Audio input will be silent.
[2022.10.06-19.35.00:564][  0]LogAudioCaptureCore: Display: No Audio Capture implementations found. Audio input will be silent.
[2022.10.06-19.35.00:770][  0]LogCollectionManager: Loaded 0 collections in 0.001790 seconds
[2022.10.06-19.35.00:808][  0]LogFileCache: Scanning file cache for directory 'C:/Users/21010782/Documents/Unreal Projects/MyProject4/Saved/Collections/' took 0.00s
[2022.10.06-19.35.00:808][  0]LogFileCache: Scanning file cache for directory 'C:/Users/21010782/Documents/Unreal Projects/MyProject4/Content/Developers/21010782/Collections/' took 0.00s
[2022.10.06-19.35.00:808][  0]LogFileCache: Scanning file cache for directory 'C:/Users/21010782/Documents/Unreal Projects/MyProject4/Content/Collections/' took 0.00s
[2022.10.06-19.35.00:808][  0]LogOcInput: OculusInput pre-init called
[2022.10.06-19.35.01:046][  0]LogEngine: Initializing Engine...
[2022.10.06-19.35.01:049][  0]LogHMD: Failed to enumerate extensions. Please check that you have a valid OpenXR runtime installed.
[2022.10.06-19.35.01:050][  0]LogHMD: Failed to initialize OpenVR with code 110
[2022.10.06-19.35.01:050][  0]LogMagicLeap: Warning: VR disabled because ZI is not enabled.  To enable, in the editor, Edit -> Project Settings -> Plugins -> Magic Leap Plugin -> Enable Zero Iteration
[2022.10.06-19.35.01:050][  0]LogStats: UGameplayTagsManager::InitializeManager -  0.000 s
[2022.10.06-19.35.01:154][  0]LogInit: Initializing FReadOnlyCVARCache
[2022.10.06-19.35.01:163][  0]LogAIModule: Creating AISystem for world Untitled
[2022.10.06-19.35.01:173][  0]LogAudio: Display: Initializing Audio Device Manager...
[2022.10.06-19.35.01:176][  0]LogAudio: Display: Loading Default Audio Settings Objects...
[2022.10.06-19.35.01:177][  0]LogAudio: Display: No default SoundConcurrencyObject specified (or failed to load).
[2022.10.06-19.35.01:177][  0]LogAudio: Display: Audio Device Manager Initialized
[2022.10.06-19.35.01:177][  0]LogAudio: Display: Creating Audio Device:                 Id: 1, Scope: Shared, Realtime: True
[2022.10.06-19.35.01:177][  0]LogAudioMixer: Display: Audio Mixer Platform Settings:
[2022.10.06-19.35.01:178][  0]LogAudioMixer: Display: 	Sample Rate:						  48000
[2022.10.06-19.35.01:178][  0]LogAudioMixer: Display: 	Callback Buffer Frame Size Requested: 1024
[2022.10.06-19.35.01:178][  0]LogAudioMixer: Display: 	Callback Buffer Frame Size To Use:	  1024
[2022.10.06-19.35.01:178][  0]LogAudioMixer: Display: 	Number of buffers to queue:			  2
[2022.10.06-19.35.01:178][  0]LogAudioMixer: Display: 	Max Channels (voices):				  32
[2022.10.06-19.35.01:178][  0]LogAudioMixer: Display: 	Number of Async Source Workers:		  0
[2022.10.06-19.35.01:178][  0]LogAudio: Display: AudioDevice MaxSources: 32
[2022.10.06-19.35.01:178][  0]LogAudio: Display: Audio Spatialization Plugin: None (built-in).
[2022.10.06-19.35.01:178][  0]LogAudio: Display: Audio Reverb Plugin: None (built-in).
[2022.10.06-19.35.01:178][  0]LogAudio: Display: Audio Occlusion Plugin: None (built-in).
[2022.10.06-19.35.01:178][  0]LogAudioMixer: Display: Initializing audio mixer.
[2022.10.06-19.35.01:224][  0]LogAudioMixer: Display: Using Audio Device Unknown
[2022.10.06-19.35.01:226][  0]LogAudioMixer: Display: Initializing Sound Submixes...
[2022.10.06-19.35.01:229][  0]LogAudioMixer: Display: Creating Master Submix 'MasterSubmixDefault'
[2022.10.06-19.35.01:229][  0]LogAudioMixer: Display: Creating Master Submix 'MasterReverbSubmixDefault'
[2022.10.06-19.35.01:229][  0]LogAudioMixer: Display: Creating Master Submix 'MasterEQSubmixDefault'
[2022.10.06-19.35.01:229][  0]LogAudioMixer: FMixerPlatformXAudio2::StartAudioStream() called
[2022.10.06-19.35.01:229][  0]LogAudioMixer: Display: Output buffers initialized: Frames=1024, Channels=2, Samples=2048
[2022.10.06-19.35.01:230][  0]LogAudioMixer: Display: Starting AudioMixerPlatformInterface::RunInternal()
[2022.10.06-19.35.01:230][  0]LogAudioMixer: Display: StartRunningNullDevice() called
[2022.10.06-19.35.01:231][  0]LogInit: FAudioDevice initialized.
[2022.10.06-19.35.01:231][  0]LogAudio: Display: Audio Device (ID: 1) registered with world 'Untitled'.
[2022.10.06-19.35.01:231][  0]LogNetVersion: Set ProjectVersion to 1.0.0.0. Version Checksum will be recalculated on next use.
[2022.10.06-19.35.03:808][  0]LogDerivedDataCache: Saved boot cache 2.58s 94MB C:/Users/21010782/AppData/Local/UnrealEngine/4.27/DerivedDataCache/Boot.ddc.
[2022.10.06-19.35.03:808][  0]LogInit: Texture streaming: Enabled
[2022.10.06-19.35.03:821][  0]LogAnalytics: Display: [UEEditor.Rocket.Release] APIServer = https://datarouter.ol.epicgames.com/. AppVersion = 4.27.2-18319896+++UE4+Release-4.27
[2022.10.06-19.35.03:824][  0]LogEngineSessionManager: EngineSessionManager initialized
[2022.10.06-19.35.03:824][  0]LogEditorSessionSummary: Verbose: Initializing EditorSessionSummaryWriter for editor session tracking
[2022.10.06-19.35.03:826][  0]LogEditorSessionSummary: EditorSessionSummaryWriter initialized
[2022.10.06-19.35.03:852][  0]LogInit: Transaction tracking system initialized
[2022.10.06-19.35.03:945][  0]BlueprintLog: New page: Editor Load
[2022.10.06-19.35.04:024][  0]LocalizationService: Localization service is disabled
[2022.10.06-19.35.04:051][  0]TimingProfiler: Initialize
[2022.10.06-19.35.04:052][  0]TimingProfiler: OnSessionChanged
[2022.10.06-19.35.04:052][  0]LoadingProfiler: Initialize
[2022.10.06-19.35.04:052][  0]LoadingProfiler: OnSessionChanged
[2022.10.06-19.35.04:052][  0]NetworkingProfiler: Initialize
[2022.10.06-19.35.04:052][  0]NetworkingProfiler: OnSessionChanged
[2022.10.06-19.35.04:052][  0]MemoryProfiler: Initialize
[2022.10.06-19.35.04:052][  0]MemoryProfiler: OnSessionChanged
[2022.10.06-19.35.04:215][  0]LogCook: Display: CookSettings for Memory: MemoryMaxUsedVirtual 0MiB, MemoryMaxUsedPhysical 16384MiB, MemoryMinFreeVirtual 0MiB, MemoryMinFreePhysical 1024MiB
[2022.10.06-19.35.04:215][  0]LogCook: Display: Mobile HDR setting 1
[2022.10.06-19.35.04:414][  0]LogFileCache: Scanning file cache for directory 'C:/Users/21010782/Documents/Unreal Projects/MyProject4/Content/' took 0.01s
[2022.10.06-19.35.04:605][  0]LogInit: Display: Engine is initialized. Leaving FEngineLoop::Init()
[2022.10.06-19.35.04:609][  0]SourceControl: Source control is disabled
[2022.10.06-19.35.04:609][  0]LogUnrealEdMisc: Loading editor; pre map load, took 10.922
[2022.10.06-19.35.04:609][  0]Cmd: MAP LOAD FILE="../../../../../../Users/21010782/Documents/Unreal Projects/MyProject4/Content/FirstPersonBP/Maps/FirstPersonExampleMap.umap" TEMPLATE=0 SHOWPROGRESS=1 FEATURELEVEL=3
[2022.10.06-19.35.04:609][  0]LightingResults: New page: Lighting Build
[2022.10.06-19.35.04:644][  0]LogWorld: UWorld::CleanupWorld for Untitled, bSessionEnded=true, bCleanupResources=true
[2022.10.06-19.35.04:644][  0]LogSlate: InvalidateAllWidgets triggered.  All widgets were invalidated
[2022.10.06-19.35.04:645][  0]MapCheck: New page: Map Check
[2022.10.06-19.35.04:645][  0]LightingResults: New page: Lighting Build
[2022.10.06-19.35.04:650][  0]LogAudio: Display: Audio Device unregistered from world 'None'.
[2022.10.06-19.35.04:652][  0]LogUObjectHash: Compacting FUObjectHashTables data took   0.69ms
[2022.10.06-19.35.04:900][  0]LogAudio: Display: Audio Device (ID: 1) registered with world 'FirstPersonExampleMap'.
[2022.10.06-19.35.04:901][  0]LogAIModule: Creating AISystem for world FirstPersonExampleMap
[2022.10.06-19.35.04:911][  0]LogEditorServer: Finished looking for orphan Actors (0.000 secs)
[2022.10.06-19.35.04:919][  0]LogUObjectHash: Compacting FUObjectHashTables data took   0.81ms
[2022.10.06-19.35.04:919][  0]Cmd: MAP CHECKDEP NOCLEARLOG
[2022.10.06-19.35.04:920][  0]MapCheck: Map check complete: 0 Error(s), 0 Warning(s), took 0.26ms to complete.
[2022.10.06-19.35.04:920][  0]LogFileHelpers: Loading map 'FirstPersonExampleMap' took 0.311
[2022.10.06-19.35.04:921][  0]LogUnrealEdMisc: Total Editor Startup Time, took 11.235
[2022.10.06-19.35.05:045][  0]LogSlate: Updating window title bar state: overlay mode, drag disabled, window buttons hidden, title bar hidden
[2022.10.06-19.35.05:050][  0]LogSlate: Updating window title bar state: overlay mode, drag disabled, window buttons hidden, title bar hidden
[2022.10.06-19.35.05:055][  0]LogSlate: Updating window title bar state: overlay mode, drag disabled, window buttons hidden, title bar hidden
[2022.10.06-19.35.05:060][  0]LogSlate: Updating window title bar state: overlay mode, drag disabled, window buttons hidden, title bar hidden
[2022.10.06-19.35.05:072][  0]LogNativeClassHierarchy: Verbose: Native class hierarchy populated in 0.0080 seconds. Added 3822 classes and 928 folders.
[2022.10.06-19.35.05:074][  0]LogNativeClassHierarchy: Verbose: Native class hierarchy updated for 'WidgetCarousel' in 0.0002 seconds. Added 0 classes and 0 folders.
[2022.10.06-19.35.05:076][  0]LogPakFile: PakFile PrimaryIndexSize=187
[2022.10.06-19.35.05:076][  0]LogPakFile: PakFile PathHashIndexSize=101
[2022.10.06-19.35.05:076][  0]LogPakFile: PakFile FullDirectoryIndexSize=148
[2022.10.06-19.35.05:076][  0]LogShaderLibrary: Display: ShaderCodeLibraryPakFileMountedCallback: PakFile 'C:/Program Files/Epic Games/UE_4.27/FeaturePacks/FP_FirstPerson.upack' (chunk index -1, root 'root:/') mounted
[2022.10.06-19.35.05:076][  0]LogShaderLibrary: Display: ShaderCodeLibraryPakFileMountedCallback: pending pak file info (ChunkID:-1 Root:root:/ File:C:/Program Files/Epic Games/UE_4.27/FeaturePacks/FP_FirstPerson.upack)
[2022.10.06-19.35.05:076][  0]LogPakFile: OnPakFileMounted2Time == 0.000054
[2022.10.06-19.35.05:077][  0]LogPakFile: PakFile PrimaryIndexSize=189
[2022.10.06-19.35.05:077][  0]LogPakFile: PakFile PathHashIndexSize=101
[2022.10.06-19.35.05:077][  0]LogPakFile: PakFile FullDirectoryIndexSize=152
[2022.10.06-19.35.05:077][  0]LogShaderLibrary: Display: ShaderCodeLibraryPakFileMountedCallback: PakFile 'C:/Program Files/Epic Games/UE_4.27/FeaturePacks/FP_FirstPersonBP.upack' (chunk index -1, root 'root:/') mounted
[2022.10.06-19.35.05:077][  0]LogShaderLibrary: Display: ShaderCodeLibraryPakFileMountedCallback: pending pak file info (ChunkID:-1 Root:root:/ File:C:/Program Files/Epic Games/UE_4.27/FeaturePacks/FP_FirstPersonBP.upack)
[2022.10.06-19.35.05:077][  0]LogPakFile: OnPakFileMounted2Time == 0.000036
[2022.10.06-19.35.05:078][  0]LogPakFile: PakFile PrimaryIndexSize=191
[2022.10.06-19.35.05:078][  0]LogPakFile: PakFile PathHashIndexSize=101
[2022.10.06-19.35.05:078][  0]LogPakFile: PakFile FullDirectoryIndexSize=160
[2022.10.06-19.35.05:078][  0]LogShaderLibrary: Display: ShaderCodeLibraryPakFileMountedCallback: PakFile 'C:/Program Files/Epic Games/UE_4.27/FeaturePacks/MobileStarterContent.upack' (chunk index -1, root 'root:/') mounted
[2022.10.06-19.35.05:078][  0]LogShaderLibrary: Display: ShaderCodeLibraryPakFileMountedCallback: pending pak file info (ChunkID:-1 Root:root:/ File:C:/Program Files/Epic Games/UE_4.27/FeaturePacks/MobileStarterContent.upack)
[2022.10.06-19.35.05:078][  0]LogPakFile: OnPakFileMounted2Time == 0.000033
[2022.10.06-19.35.05:078][  0]LogPakFile: PakFile PrimaryIndexSize=185
[2022.10.06-19.35.05:078][  0]LogPakFile: PakFile PathHashIndexSize=101
[2022.10.06-19.35.05:078][  0]LogPakFile: PakFile FullDirectoryIndexSize=148
[2022.10.06-19.35.05:078][  0]LogShaderLibrary: Display: ShaderCodeLibraryPakFileMountedCallback: PakFile 'C:/Program Files/Epic Games/UE_4.27/FeaturePacks/StarterContent.upack' (chunk index -1, root 'root:/') mounted
[2022.10.06-19.35.05:078][  0]LogShaderLibrary: Display: ShaderCodeLibraryPakFileMountedCallback: pending pak file info (ChunkID:-1 Root:root:/ File:C:/Program Files/Epic Games/UE_4.27/FeaturePacks/StarterContent.upack)
[2022.10.06-19.35.05:078][  0]LogPakFile: OnPakFileMounted2Time == 0.000034
[2022.10.06-19.35.05:079][  0]LogPakFile: PakFile PrimaryIndexSize=190
[2022.10.06-19.35.05:079][  0]LogPakFile: PakFile PathHashIndexSize=101
[2022.10.06-19.35.05:079][  0]LogPakFile: PakFile FullDirectoryIndexSize=154
[2022.10.06-19.35.05:079][  0]LogShaderLibrary: Display: ShaderCodeLibraryPakFileMountedCallback: PakFile 'C:/Program Files/Epic Games/UE_4.27/FeaturePacks/TP_2DSideScroller.upack' (chunk index -1, root 'root:/') mounted
[2022.10.06-19.35.05:079][  0]LogShaderLibrary: Display: ShaderCodeLibraryPakFileMountedCallback: pending pak file info (ChunkID:-1 Root:root:/ File:C:/Program Files/Epic Games/UE_4.27/FeaturePacks/TP_2DSideScroller.upack)
[2022.10.06-19.35.05:079][  0]LogPakFile: OnPakFileMounted2Time == 0.000032
[2022.10.06-19.35.05:080][  0]LogPakFile: PakFile PrimaryIndexSize=192
[2022.10.06-19.35.05:080][  0]LogPakFile: PakFile PathHashIndexSize=101
[2022.10.06-19.35.05:080][  0]LogPakFile: PakFile FullDirectoryIndexSize=158
[2022.10.06-19.35.05:080][  0]LogShaderLibrary: Display: ShaderCodeLibraryPakFileMountedCallback: PakFile 'C:/Program Files/Epic Games/UE_4.27/FeaturePacks/TP_2DSideScrollerBP.upack' (chunk index -1, root 'root:/') mounted
[2022.10.06-19.35.05:080][  0]LogShaderLibrary: Display: ShaderCodeLibraryPakFileMountedCallback: pending pak file info (ChunkID:-1 Root:root:/ File:C:/Program Files/Epic Games/UE_4.27/FeaturePacks/TP_2DSideScrollerBP.upack)
[2022.10.06-19.35.05:080][  0]LogPakFile: OnPakFileMounted2Time == 0.000032
[2022.10.06-19.35.05:081][  0]LogPakFile: PakFile PrimaryIndexSize=182
[2022.10.06-19.35.05:081][  0]LogPakFile: PakFile PathHashIndexSize=101
[2022.10.06-19.35.05:081][  0]LogPakFile: PakFile FullDirectoryIndexSize=138
[2022.10.06-19.35.05:081][  0]LogShaderLibrary: Display: ShaderCodeLibraryPakFileMountedCallback: PakFile 'C:/Program Files/Epic Games/UE_4.27/FeaturePacks/TP_Flying.upack' (chunk index -1, root 'root:/') mounted
[2022.10.06-19.35.05:081][  0]LogShaderLibrary: Display: ShaderCodeLibraryPakFileMountedCallback: pending pak file info (ChunkID:-1 Root:root:/ File:C:/Program Files/Epic Games/UE_4.27/FeaturePacks/TP_Flying.upack)
[2022.10.06-19.35.05:081][  0]LogPakFile: OnPakFileMounted2Time == 0.000035
[2022.10.06-19.35.05:081][  0]LogPakFile: PakFile PrimaryIndexSize=184
[2022.10.06-19.35.05:081][  0]LogPakFile: PakFile PathHashIndexSize=101
[2022.10.06-19.35.05:081][  0]LogPakFile: PakFile FullDirectoryIndexSize=142
[2022.10.06-19.35.05:081][  0]LogShaderLibrary: Display: ShaderCodeLibraryPakFileMountedCallback: PakFile 'C:/Program Files/Epic Games/UE_4.27/FeaturePacks/TP_FlyingBP.upack' (chunk index -1, root 'root:/') mounted
[2022.10.06-19.35.05:081][  0]LogShaderLibrary: Display: ShaderCodeLibraryPakFileMountedCallback: pending pak file info (ChunkID:-1 Root:root:/ File:C:/Program Files/Epic Games/UE_4.27/FeaturePacks/TP_FlyingBP.upack)
[2022.10.06-19.35.05:081][  0]LogPakFile: OnPakFileMounted2Time == 0.000032
[2022.10.06-19.35.05:082][  0]LogPakFile: PakFile PrimaryIndexSize=188
[2022.10.06-19.35.05:082][  0]LogPakFile: PakFile PathHashIndexSize=101
[2022.10.06-19.35.05:082][  0]LogPakFile: PakFile FullDirectoryIndexSize=150
[2022.10.06-19.35.05:082][  0]LogShaderLibrary: Display: ShaderCodeLibraryPakFileMountedCallback: PakFile 'C:/Program Files/Epic Games/UE_4.27/FeaturePacks/TP_HandheldARBP.upack' (chunk index -1, root 'root:/') mounted
[2022.10.06-19.35.05:082][  0]LogShaderLibrary: Display: ShaderCodeLibraryPakFileMountedCallback: pending pak file info (ChunkID:-1 Root:root:/ File:C:/Program Files/Epic Games/UE_4.27/FeaturePacks/TP_HandheldARBP.upack)
[2022.10.06-19.35.05:082][  0]LogPakFile: OnPakFileMounted2Time == 0.000032
[2022.10.06-19.35.05:083][  0]LogPakFile: PakFile PrimaryIndexSize=182
[2022.10.06-19.35.05:083][  0]LogPakFile: PakFile PathHashIndexSize=101
[2022.10.06-19.35.05:083][  0]LogPakFile: PakFile FullDirectoryIndexSize=138
[2022.10.06-19.35.05:083][  0]LogShaderLibrary: Display: ShaderCodeLibraryPakFileMountedCallback: PakFile 'C:/Program Files/Epic Games/UE_4.27/FeaturePacks/TP_Puzzle.upack' (chunk index -1, root 'root:/') mounted
[2022.10.06-19.35.05:083][  0]LogShaderLibrary: Display: ShaderCodeLibraryPakFileMountedCallback: pending pak file info (ChunkID:-1 Root:root:/ File:C:/Program Files/Epic Games/UE_4.27/FeaturePacks/TP_Puzzle.upack)
[2022.10.06-19.35.05:083][  0]LogPakFile: OnPakFileMounted2Time == 0.000032
[2022.10.06-19.35.05:084][  0]LogPakFile: PakFile PrimaryIndexSize=184
[2022.10.06-19.35.05:084][  0]LogPakFile: PakFile PathHashIndexSize=101
[2022.10.06-19.35.05:084][  0]LogPakFile: PakFile FullDirectoryIndexSize=142
[2022.10.06-19.35.05:084][  0]LogShaderLibrary: Display: ShaderCodeLibraryPakFileMountedCallback: PakFile 'C:/Program Files/Epic Games/UE_4.27/FeaturePacks/TP_PuzzleBP.upack' (chunk index -1, root 'root:/') mounted
[2022.10.06-19.35.05:084][  0]LogShaderLibrary: Display: ShaderCodeLibraryPakFileMountedCallback: pending pak file info (ChunkID:-1 Root:root:/ File:C:/Program Files/Epic Games/UE_4.27/FeaturePacks/TP_PuzzleBP.upack)
[2022.10.06-19.35.05:084][  0]LogPakFile: OnPakFileMounted2Time == 0.000032
[2022.10.06-19.35.05:085][  0]LogPakFile: PakFile PrimaryIndexSize=183
[2022.10.06-19.35.05:085][  0]LogPakFile: PakFile PathHashIndexSize=101
[2022.10.06-19.35.05:085][  0]LogPakFile: PakFile FullDirectoryIndexSize=140
[2022.10.06-19.35.05:085][  0]LogShaderLibrary: Display: ShaderCodeLibraryPakFileMountedCallback: PakFile 'C:/Program Files/Epic Games/UE_4.27/FeaturePacks/TP_Rolling.upack' (chunk index -1, root 'root:/') mounted
[2022.10.06-19.35.05:085][  0]LogShaderLibrary: Display: ShaderCodeLibraryPakFileMountedCallback: pending pak file info (ChunkID:-1 Root:root:/ File:C:/Program Files/Epic Games/UE_4.27/FeaturePacks/TP_Rolling.upack)
[2022.10.06-19.35.05:085][  0]LogPakFile: OnPakFileMounted2Time == 0.000032
[2022.10.06-19.35.05:085][  0]LogPakFile: PakFile PrimaryIndexSize=185
[2022.10.06-19.35.05:085][  0]LogPakFile: PakFile PathHashIndexSize=101
[2022.10.06-19.35.05:085][  0]LogPakFile: PakFile FullDirectoryIndexSize=144
[2022.10.06-19.35.05:086][  0]LogShaderLibrary: Display: ShaderCodeLibraryPakFileMountedCallback: PakFile 'C:/Program Files/Epic Games/UE_4.27/FeaturePacks/TP_RollingBP.upack' (chunk index -1, root 'root:/') mounted
[2022.10.06-19.35.05:086][  0]LogShaderLibrary: Display: ShaderCodeLibraryPakFileMountedCallback: pending pak file info (ChunkID:-1 Root:root:/ File:C:/Program Files/Epic Games/UE_4.27/FeaturePacks/TP_RollingBP.upack)
[2022.10.06-19.35.05:086][  0]LogPakFile: OnPakFileMounted2Time == 0.000032
[2022.10.06-19.35.05:086][  0]LogPakFile: PakFile PrimaryIndexSize=188
[2022.10.06-19.35.05:086][  0]LogPakFile: PakFile PathHashIndexSize=101
[2022.10.06-19.35.05:086][  0]LogPakFile: PakFile FullDirectoryIndexSize=150
[2022.10.06-19.35.05:086][  0]LogShaderLibrary: Display: ShaderCodeLibraryPakFileMountedCallback: PakFile 'C:/Program Files/Epic Games/UE_4.27/FeaturePacks/TP_SideScroller.upack' (chunk index -1, root 'root:/') mounted
[2022.10.06-19.35.05:086][  0]LogShaderLibrary: Display: ShaderCodeLibraryPakFileMountedCallback: pending pak file info (ChunkID:-1 Root:root:/ File:C:/Program Files/Epic Games/UE_4.27/FeaturePacks/TP_SideScroller.upack)
[2022.10.06-19.35.05:086][  0]LogPakFile: OnPakFileMounted2Time == 0.000032
[2022.10.06-19.35.05:087][  0]LogPakFile: PakFile PrimaryIndexSize=190
[2022.10.06-19.35.05:087][  0]LogPakFile: PakFile PathHashIndexSize=101
[2022.10.06-19.35.05:087][  0]LogPakFile: PakFile FullDirectoryIndexSize=154
[2022.10.06-19.35.05:087][  0]LogShaderLibrary: Display: ShaderCodeLibraryPakFileMountedCallback: PakFile 'C:/Program Files/Epic Games/UE_4.27/FeaturePacks/TP_SideScrollerBP.upack' (chunk index -1, root 'root:/') mounted
[2022.10.06-19.35.05:087][  0]LogShaderLibrary: Display: ShaderCodeLibraryPakFileMountedCallback: pending pak file info (ChunkID:-1 Root:root:/ File:C:/Program Files/Epic Games/UE_4.27/FeaturePacks/TP_SideScrollerBP.upack)
[2022.10.06-19.35.05:087][  0]LogPakFile: OnPakFileMounted2Time == 0.000032
[2022.10.06-19.35.05:088][  0]LogPakFile: PakFile PrimaryIndexSize=187
[2022.10.06-19.35.05:088][  0]LogPakFile: PakFile PathHashIndexSize=101
[2022.10.06-19.35.05:088][  0]LogPakFile: PakFile FullDirectoryIndexSize=148
[2022.10.06-19.35.05:088][  0]LogShaderLibrary: Display: ShaderCodeLibraryPakFileMountedCallback: PakFile 'C:/Program Files/Epic Games/UE_4.27/FeaturePacks/TP_ThirdPerson.upack' (chunk index -1, root 'root:/') mounted
[2022.10.06-19.35.05:088][  0]LogShaderLibrary: Display: ShaderCodeLibraryPakFileMountedCallback: pending pak file info (ChunkID:-1 Root:root:/ File:C:/Program Files/Epic Games/UE_4.27/FeaturePacks/TP_ThirdPerson.upack)
[2022.10.06-19.35.05:088][  0]LogPakFile: OnPakFileMounted2Time == 0.000033
[2022.10.06-19.35.05:089][  0]LogPakFile: PakFile PrimaryIndexSize=189
[2022.10.06-19.35.05:089][  0]LogPakFile: PakFile PathHashIndexSize=101
[2022.10.06-19.35.05:089][  0]LogPakFile: PakFile FullDirectoryIndexSize=152
[2022.10.06-19.35.05:089][  0]LogShaderLibrary: Display: ShaderCodeLibraryPakFileMountedCallback: PakFile 'C:/Program Files/Epic Games/UE_4.27/FeaturePacks/TP_ThirdPersonBP.upack' (chunk index -1, root 'root:/') mounted
[2022.10.06-19.35.05:089][  0]LogShaderLibrary: Display: ShaderCodeLibraryPakFileMountedCallback: pending pak file info (ChunkID:-1 Root:root:/ File:C:/Program Files/Epic Games/UE_4.27/FeaturePacks/TP_ThirdPersonBP.upack)
[2022.10.06-19.35.05:089][  0]LogPakFile: OnPakFileMounted2Time == 0.000033
[2022.10.06-19.35.05:089][  0]LogPakFile: PakFile PrimaryIndexSize=183
[2022.10.06-19.35.05:089][  0]LogPakFile: PakFile PathHashIndexSize=101
[2022.10.06-19.35.05:089][  0]LogPakFile: PakFile FullDirectoryIndexSize=140
[2022.10.06-19.35.05:089][  0]LogShaderLibrary: Display: ShaderCodeLibraryPakFileMountedCallback: PakFile 'C:/Program Files/Epic Games/UE_4.27/FeaturePacks/TP_TopDown.upack' (chunk index -1, root 'root:/') mounted
[2022.10.06-19.35.05:089][  0]LogShaderLibrary: Display: ShaderCodeLibraryPakFileMountedCallback: pending pak file info (ChunkID:-1 Root:root:/ File:C:/Program Files/Epic Games/UE_4.27/FeaturePacks/TP_TopDown.upack)
[2022.10.06-19.35.05:089][  0]LogPakFile: OnPakFileMounted2Time == 0.000041
[2022.10.06-19.35.05:090][  0]LogPakFile: PakFile PrimaryIndexSize=185
[2022.10.06-19.35.05:090][  0]LogPakFile: PakFile PathHashIndexSize=101
[2022.10.06-19.35.05:090][  0]LogPakFile: PakFile FullDirectoryIndexSize=144
[2022.10.06-19.35.05:090][  0]LogShaderLibrary: Display: ShaderCodeLibraryPakFileMountedCallback: PakFile 'C:/Program Files/Epic Games/UE_4.27/FeaturePacks/TP_TopDownBP.upack' (chunk index -1, root 'root:/') mounted
[2022.10.06-19.35.05:090][  0]LogShaderLibrary: Display: ShaderCodeLibraryPakFileMountedCallback: pending pak file info (ChunkID:-1 Root:root:/ File:C:/Program Files/Epic Games/UE_4.27/FeaturePacks/TP_TopDownBP.upack)
[2022.10.06-19.35.05:090][  0]LogPakFile: OnPakFileMounted2Time == 0.000032
[2022.10.06-19.35.05:091][  0]LogPakFile: PakFile PrimaryIndexSize=185
[2022.10.06-19.35.05:091][  0]LogPakFile: PakFile PathHashIndexSize=101
[2022.10.06-19.35.05:092][  0]LogPakFile: PakFile FullDirectoryIndexSize=144
[2022.10.06-19.35.05:092][  0]LogShaderLibrary: Display: ShaderCodeLibraryPakFileMountedCallback: PakFile 'C:/Program Files/Epic Games/UE_4.27/FeaturePacks/TP_TwinStick.upack' (chunk index -1, root 'root:/') mounted
[2022.10.06-19.35.05:092][  0]LogShaderLibrary: Display: ShaderCodeLibraryPakFileMountedCallback: pending pak file info (ChunkID:-1 Root:root:/ File:C:/Program Files/Epic Games/UE_4.27/FeaturePacks/TP_TwinStick.upack)
[2022.10.06-19.35.05:092][  0]LogPakFile: OnPakFileMounted2Time == 0.000035
[2022.10.06-19.35.05:093][  0]LogPakFile: PakFile PrimaryIndexSize=187
[2022.10.06-19.35.05:093][  0]LogPakFile: PakFile PathHashIndexSize=101
[2022.10.06-19.35.05:093][  0]LogPakFile: PakFile FullDirectoryIndexSize=148
[2022.10.06-19.35.05:093][  0]LogShaderLibrary: Display: ShaderCodeLibraryPakFileMountedCallback: PakFile 'C:/Program Files/Epic Games/UE_4.27/FeaturePacks/TP_TwinStickBP.upack' (chunk index -1, root 'root:/') mounted
[2022.10.06-19.35.05:093][  0]LogShaderLibrary: Display: ShaderCodeLibraryPakFileMountedCallback: pending pak file info (ChunkID:-1 Root:root:/ File:C:/Program Files/Epic Games/UE_4.27/FeaturePacks/TP_TwinStickBP.upack)
[2022.10.06-19.35.05:093][  0]LogPakFile: OnPakFileMounted2Time == 0.000035
[2022.10.06-19.35.05:094][  0]LogPakFile: PakFile PrimaryIndexSize=183
[2022.10.06-19.35.05:094][  0]LogPakFile: PakFile PathHashIndexSize=101
[2022.10.06-19.35.05:094][  0]LogPakFile: PakFile FullDirectoryIndexSize=140
[2022.10.06-19.35.05:094][  0]LogShaderLibrary: Display: ShaderCodeLibraryPakFileMountedCallback: PakFile 'C:/Program Files/Epic Games/UE_4.27/FeaturePacks/TP_Vehicle.upack' (chunk index -1, root 'root:/') mounted
[2022.10.06-19.35.05:094][  0]LogShaderLibrary: Display: ShaderCodeLibraryPakFileMountedCallback: pending pak file info (ChunkID:-1 Root:root:/ File:C:/Program Files/Epic Games/UE_4.27/FeaturePacks/TP_Vehicle.upack)
[2022.10.06-19.35.05:094][  0]LogPakFile: OnPakFileMounted2Time == 0.000037
[2022.10.06-19.35.05:095][  0]LogPakFile: PakFile PrimaryIndexSize=186
[2022.10.06-19.35.05:095][  0]LogPakFile: PakFile PathHashIndexSize=101
[2022.10.06-19.35.05:095][  0]LogPakFile: PakFile FullDirectoryIndexSize=146
[2022.10.06-19.35.05:095][  0]LogShaderLibrary: Display: ShaderCodeLibraryPakFileMountedCallback: PakFile 'C:/Program Files/Epic Games/UE_4.27/FeaturePacks/TP_VehicleAdv.upack' (chunk index -1, root 'root:/') mounted
[2022.10.06-19.35.05:095][  0]LogShaderLibrary: Display: ShaderCodeLibraryPakFileMountedCallback: pending pak file info (ChunkID:-1 Root:root:/ File:C:/Program Files/Epic Games/UE_4.27/FeaturePacks/TP_VehicleAdv.upack)
[2022.10.06-19.35.05:095][  0]LogPakFile: OnPakFileMounted2Time == 0.000036
[2022.10.06-19.35.05:096][  0]LogPakFile: PakFile PrimaryIndexSize=188
[2022.10.06-19.35.05:096][  0]LogPakFile: PakFile PathHashIndexSize=101
[2022.10.06-19.35.05:096][  0]LogPakFile: PakFile FullDirectoryIndexSize=150
[2022.10.06-19.35.05:096][  0]LogShaderLibrary: Display: ShaderCodeLibraryPakFileMountedCallback: PakFile 'C:/Program Files/Epic Games/UE_4.27/FeaturePacks/TP_VehicleAdvBP.upack' (chunk index -1, root 'root:/') mounted
[2022.10.06-19.35.05:096][  0]LogShaderLibrary: Display: ShaderCodeLibraryPakFileMountedCallback: pending pak file info (ChunkID:-1 Root:root:/ File:C:/Program Files/Epic Games/UE_4.27/FeaturePacks/TP_VehicleAdvBP.upack)
[2022.10.06-19.35.05:096][  0]LogPakFile: OnPakFileMounted2Time == 0.000034
[2022.10.06-19.35.05:097][  0]LogPakFile: PakFile PrimaryIndexSize=185
[2022.10.06-19.35.05:097][  0]LogPakFile: PakFile PathHashIndexSize=101
[2022.10.06-19.35.05:097][  0]LogPakFile: PakFile FullDirectoryIndexSize=144
[2022.10.06-19.35.05:097][  0]LogShaderLibrary: Display: ShaderCodeLibraryPakFileMountedCallback: PakFile 'C:/Program Files/Epic Games/UE_4.27/FeaturePacks/TP_VehicleBP.upack' (chunk index -1, root 'root:/') mounted
[2022.10.06-19.35.05:097][  0]LogShaderLibrary: Display: ShaderCodeLibraryPakFileMountedCallback: pending pak file info (ChunkID:-1 Root:root:/ File:C:/Program Files/Epic Games/UE_4.27/FeaturePacks/TP_VehicleBP.upack)
[2022.10.06-19.35.05:097][  0]LogPakFile: OnPakFileMounted2Time == 0.000033
[2022.10.06-19.35.05:098][  0]LogPakFile: PakFile PrimaryIndexSize=192
[2022.10.06-19.35.05:098][  0]LogPakFile: PakFile PathHashIndexSize=101
[2022.10.06-19.35.05:098][  0]LogPakFile: PakFile FullDirectoryIndexSize=158
[2022.10.06-19.35.05:098][  0]LogShaderLibrary: Display: ShaderCodeLibraryPakFileMountedCallback: PakFile 'C:/Program Files/Epic Games/UE_4.27/FeaturePacks/TP_VirtualRealityBP.upack' (chunk index -1, root 'root:/') mounted
[2022.10.06-19.35.05:098][  0]LogShaderLibrary: Display: ShaderCodeLibraryPakFileMountedCallback: pending pak file info (ChunkID:-1 Root:root:/ File:C:/Program Files/Epic Games/UE_4.27/FeaturePacks/TP_VirtualRealityBP.upack)
[2022.10.06-19.35.05:098][  0]LogPakFile: OnPakFileMounted2Time == 0.000033
[2022.10.06-19.35.05:226][  0]LogNativeClassHierarchy: Verbose: Native class hierarchy updated for 'AddContentDialog' in 0.0002 seconds. Added 0 classes and 0 folders.
[2022.10.06-19.35.05:227][  0]LogNativeClassHierarchy: Verbose: Native class hierarchy updated for 'SceneOutliner' in 0.0002 seconds. Added 2 classes and 0 folders.
[2022.10.06-19.35.05:319][  0]LogSlate: Took 0.000187 seconds to synchronously load lazily loaded font '../../../Engine/Content/Slate/Fonts/Roboto-Regular.ttf' (155K)
[2022.10.06-19.35.05:320][  0]LogSlate: Took 0.000160 seconds to synchronously load lazily loaded font '../../../Engine/Content/Editor/Slate/Fonts/FontAwesome.ttf' (139K)
[2022.10.06-19.35.05:321][  0]LogSlate: Took 0.000146 seconds to synchronously load lazily loaded font '../../../Engine/Content/Slate/Fonts/Roboto-Bold.ttf' (160K)
[2022.10.06-19.35.05:396][  0]LogRenderer: Reallocating scene render targets to support 904x456 Format 10 NumSamples 1 (Frame:1).
[2022.10.06-19.35.06:653][  0]LogNativeClassHierarchy: Verbose: Native class hierarchy updated for 'HierarchicalLODOutliner' in 0.0002 seconds. Added 0 classes and 0 folders.
[2022.10.06-19.35.06:653][  0]LogLoad: (Engine Initialization) Total time: 12.97 seconds
[2022.10.06-19.35.06:653][  0]LogLoad: (Engine Initialization) Total Blueprint compile time: 0.00 seconds
[2022.10.06-19.35.06:697][  0]LogAssetRegistry: Asset discovery search completed in 8.6415 seconds
[2022.10.06-19.35.06:703][  0]LogCollectionManager: Fixed up redirectors for 0 collections in 0.000003 seconds (updated 0 objects)
[2022.10.06-19.35.06:704][  0]LogContentStreaming: Texture pool size now 1000 MB
[2022.10.06-19.35.06:768][  3]LogSlate: Took 0.000222 seconds to synchronously load lazily loaded font '../../../Engine/Content/Slate/Fonts/Roboto-Light.ttf' (167K)
[2022.10.06-19.35.08:613][210]LogTemp: Repeating last play command: Selected Viewport
[2022.10.06-19.35.08:617][210]LogPlayLevel: PlayLevel: No blueprints needed recompiling
[2022.10.06-19.35.08:618][210]PIE: New page: PIE session: FirstPersonExampleMap (Oct 6, 2022, 1:35:08 PM)
[2022.10.06-19.35.08:619][210]LogOnline: OSS: Creating online subsystem instance for: NULL
[2022.10.06-19.35.08:620][210]LogOnline: OSS: TryLoadSubsystemAndSetDefault: Loaded subsystem for module [NULL]
[2022.10.06-19.35.08:620][210]LogPlayLevel: Creating play world package: /Game/FirstPersonBP/Maps/UEDPIE_0_FirstPersonExampleMap
[2022.10.06-19.35.08:632][210]LogPlayLevel: PIE: StaticDuplicateObject took: (0.012386s)
[2022.10.06-19.35.08:633][210]LogAIModule: Creating AISystem for world FirstPersonExampleMap
[2022.10.06-19.35.08:633][210]LogPlayLevel: PIE: World Init took: (0.001007s)
[2022.10.06-19.35.08:633][210]LogPlayLevel: PIE: Created PIE world by copying editor world from /Game/FirstPersonBP/Maps/FirstPersonExampleMap.FirstPersonExampleMap to /Game/FirstPersonBP/Maps/UEDPIE_0_FirstPersonExampleMap.FirstPersonExampleMap (0.013537s)
[2022.10.06-19.35.08:641][210]LogUObjectHash: Compacting FUObjectHashTables data took   0.56ms
[2022.10.06-19.35.08:642][210]LogAudio: Display: Creating Audio Device:                 Id: 2, Scope: Unique, Realtime: True
[2022.10.06-19.35.08:642][210]LogAudioMixer: Display: Audio Mixer Platform Settings:
[2022.10.06-19.35.08:642][210]LogAudioMixer: Display: 	Sample Rate:						  48000
[2022.10.06-19.35.08:642][210]LogAudioMixer: Display: 	Callback Buffer Frame Size Requested: 1024
[2022.10.06-19.35.08:642][210]LogAudioMixer: Display: 	Callback Buffer Frame Size To Use:	  1024
[2022.10.06-19.35.08:642][210]LogAudioMixer: Display: 	Number of buffers to queue:			  2
[2022.10.06-19.35.08:642][210]LogAudioMixer: Display: 	Max Channels (voices):				  32
[2022.10.06-19.35.08:642][210]LogAudioMixer: Display: 	Number of Async Source Workers:		  0
[2022.10.06-19.35.08:642][210]LogAudio: Display: AudioDevice MaxSources: 32
[2022.10.06-19.35.08:642][210]LogAudio: Display: Audio Spatialization Plugin: None (built-in).
[2022.10.06-19.35.08:642][210]LogAudio: Display: Audio Reverb Plugin: None (built-in).
[2022.10.06-19.35.08:642][210]LogAudio: Display: Audio Occlusion Plugin: None (built-in).
[2022.10.06-19.35.08:642][210]LogAudioMixer: Display: Initializing audio mixer.
[2022.10.06-19.35.08:643][210]LogAudioMixer: Display: Using Audio Device Unknown
[2022.10.06-19.35.08:644][210]LogAudioMixer: Display: Initializing Sound Submixes...
[2022.10.06-19.35.08:644][210]LogAudioMixer: Display: Creating Master Submix 'MasterSubmixDefault'
[2022.10.06-19.35.08:644][210]LogAudioMixer: Display: Creating Master Submix 'MasterReverbSubmixDefault'
[2022.10.06-19.35.08:644][210]LogAudioMixer: Display: Creating Master Submix 'MasterEQSubmixDefault'
[2022.10.06-19.35.08:644][210]LogAudioMixer: FMixerPlatformXAudio2::StartAudioStream() called
[2022.10.06-19.35.08:644][210]LogAudioMixer: Display: Output buffers initialized: Frames=1024, Channels=2, Samples=2048
[2022.10.06-19.35.08:645][210]LogAudioMixer: Display: Starting AudioMixerPlatformInterface::RunInternal()
[2022.10.06-19.35.08:645][210]LogAudioMixer: Display: StartRunningNullDevice() called
[2022.10.06-19.35.08:645][210]LogInit: FAudioDevice initialized.
[2022.10.06-19.35.08:645][210]LogAudio: Display: Audio Device (ID: 2) registered with world 'FirstPersonExampleMap'.
[2022.10.06-19.35.08:656][210]LogLoad: Game class is 'FirstPersonGameMode_C'
[2022.10.06-19.35.08:659][210]LogWorld: Bringing World /Game/FirstPersonBP/Maps/UEDPIE_0_FirstPersonExampleMap.FirstPersonExampleMap up for play (max tick rate 0) at 2022.10.06-16.35.08
[2022.10.06-19.35.08:659][210]LogWorld: Bringing up level for play took: 0.001718
[2022.10.06-19.35.08:659][210]LogOnline: OSS: Creating online subsystem instance for: :Context_3
[2022.10.06-19.35.08:662][210]LogNativeClassHierarchy: Verbose: Native class hierarchy updated for 'MovieSceneCapture' in 0.0003 seconds. Added 20 classes and 0 folders.
[2022.10.06-19.35.08:663][210]PIE: Server logged in
[2022.10.06-19.35.08:664][210]PIE: Play in editor total start time 0.048 seconds.
[2022.10.06-19.35.49:889][ 28]LogSlate: Took 0.000253 seconds to synchronously load lazily loaded font '../../../Engine/Content/Slate/Fonts/Roboto-Italic.ttf' (157K)
[2022.10.06-19.35.51:136][172]LogSlate: Updating window title bar state: overlay mode, drag disabled, window buttons hidden, title bar hidden
[2022.10.06-19.35.51:136][172]LogWorld: BeginTearingDown for /Game/FirstPersonBP/Maps/UEDPIE_0_FirstPersonExampleMap
[2022.10.06-19.35.51:136][172]LogWorld: UWorld::CleanupWorld for FirstPersonExampleMap, bSessionEnded=true, bCleanupResources=true
[2022.10.06-19.35.51:136][172]LogSlate: InvalidateAllWidgets triggered.  All widgets were invalidated
[2022.10.06-19.35.51:143][172]LogPlayLevel: Display: Shutting down PIE online subsystems
[2022.10.06-19.35.51:144][172]LogSlate: InvalidateAllWidgets triggered.  All widgets were invalidated
[2022.10.06-19.35.51:149][172]LogAudio: Display: Audio Device unregistered from world 'None'.
[2022.10.06-19.35.51:149][172]LogAudioMixer: FMixerPlatformXAudio2::StopAudioStream() called
[2022.10.06-19.35.51:150][172]LogAudioMixer: FMixerPlatformXAudio2::StopAudioStream() called
[2022.10.06-19.35.51:150][172]LogAudioMixer: Display: StopRunningNullDevice() called
[2022.10.06-19.35.51:158][172]LogSlate: Updating window title bar state: overlay mode, drag disabled, window buttons hidden, title bar hidden
[2022.10.06-19.35.51:159][172]LogUObjectHash: Compacting FUObjectHashTables data took   0.58ms
[2022.10.06-19.35.51:202][174]LogPlayLevel: Display: Destroying online subsystem :Context_3
[2022.10.06-19.38.19:955][880]LogTemp: Repeating last play command: Selected Viewport
[2022.10.06-19.38.19:960][880]LogPlayLevel: PlayLevel: No blueprints needed recompiling
[2022.10.06-19.38.19:960][880]PIE: New page: PIE session: FirstPersonExampleMap (Oct 6, 2022, 1:38:19 PM)
[2022.10.06-19.38.19:960][880]LogPlayLevel: Creating play world package: /Game/FirstPersonBP/Maps/UEDPIE_0_FirstPersonExampleMap
[2022.10.06-19.38.19:970][880]LogPlayLevel: PIE: StaticDuplicateObject took: (0.009774s)
[2022.10.06-19.38.19:971][880]LogAIModule: Creating AISystem for world FirstPersonExampleMap
[2022.10.06-19.38.19:971][880]LogPlayLevel: PIE: World Init took: (0.001229s)
[2022.10.06-19.38.19:971][880]LogPlayLevel: PIE: Created PIE world by copying editor world from /Game/FirstPersonBP/Maps/FirstPersonExampleMap.FirstPersonExampleMap to /Game/FirstPersonBP/Maps/UEDPIE_0_FirstPersonExampleMap.FirstPersonExampleMap (0.011154s)
[2022.10.06-19.38.19:977][880]LogUObjectHash: Compacting FUObjectHashTables data took   0.71ms
[2022.10.06-19.38.19:977][880]LogAudio: Display: Creating Audio Device:                 Id: 3, Scope: Unique, Realtime: True
[2022.10.06-19.38.19:977][880]LogAudioMixer: Display: Audio Mixer Platform Settings:
[2022.10.06-19.38.19:977][880]LogAudioMixer: Display: 	Sample Rate:						  48000
[2022.10.06-19.38.19:977][880]LogAudioMixer: Display: 	Callback Buffer Frame Size Requested: 1024
[2022.10.06-19.38.19:977][880]LogAudioMixer: Display: 	Callback Buffer Frame Size To Use:	  1024
[2022.10.06-19.38.19:977][880]LogAudioMixer: Display: 	Number of buffers to queue:			  2
[2022.10.06-19.38.19:977][880]LogAudioMixer: Display: 	Max Channels (voices):				  32
[2022.10.06-19.38.19:977][880]LogAudioMixer: Display: 	Number of Async Source Workers:		  0
[2022.10.06-19.38.19:977][880]LogAudio: Display: AudioDevice MaxSources: 32
[2022.10.06-19.38.19:978][880]LogAudio: Display: Audio Spatialization Plugin: None (built-in).
[2022.10.06-19.38.19:978][880]LogAudio: Display: Audio Reverb Plugin: None (built-in).
[2022.10.06-19.38.19:978][880]LogAudio: Display: Audio Occlusion Plugin: None (built-in).
[2022.10.06-19.38.19:978][880]LogAudioMixer: Display: Initializing audio mixer.
[2022.10.06-19.38.19:979][880]LogAudioMixer: Display: Using Audio Device Unknown
[2022.10.06-19.38.19:980][880]LogAudioMixer: Display: Initializing Sound Submixes...
[2022.10.06-19.38.19:980][880]LogAudioMixer: Display: Creating Master Submix 'MasterSubmixDefault'
[2022.10.06-19.38.19:980][880]LogAudioMixer: Display: Creating Master Submix 'MasterReverbSubmixDefault'
[2022.10.06-19.38.19:980][880]LogAudioMixer: Display: Creating Master Submix 'MasterEQSubmixDefault'
[2022.10.06-19.38.19:980][880]LogAudioMixer: FMixerPlatformXAudio2::StartAudioStream() called
[2022.10.06-19.38.19:980][880]LogAudioMixer: Display: Output buffers initialized: Frames=1024, Channels=2, Samples=2048
[2022.10.06-19.38.19:981][880]LogAudioMixer: Display: Starting AudioMixerPlatformInterface::RunInternal()
[2022.10.06-19.38.19:981][880]LogAudioMixer: Display: StartRunningNullDevice() called
[2022.10.06-19.38.19:982][880]LogInit: FAudioDevice initialized.
[2022.10.06-19.38.19:983][880]LogAudio: Display: Audio Device (ID: 3) registered with world 'FirstPersonExampleMap'.
[2022.10.06-19.38.20:000][880]LogLoad: Game class is 'FirstPersonGameMode_C'
[2022.10.06-19.38.20:002][880]LogWorld: Bringing World /Game/FirstPersonBP/Maps/UEDPIE_0_FirstPersonExampleMap.FirstPersonExampleMap up for play (max tick rate 0) at 2022.10.06-16.38.20
[2022.10.06-19.38.20:002][880]LogWorld: Bringing up level for play took: 0.001670
[2022.10.06-19.38.20:002][880]LogOnline: OSS: Creating online subsystem instance for: :Context_5
[2022.10.06-19.38.20:004][880]PIE: Server logged in
[2022.10.06-19.38.20:005][880]PIE: Play in editor total start time 0.046 seconds.
